2021-01-21 08:21:15.327  INFO 1216 --- [restartedMain] com.example.demo.OracleApplication       : Starting OracleApplication using Java 11.0.1 on DESKTOP-JJG7BGH with PID 1216 (D:\Workspace\IntelliJWork\SpringRestOracleDemo\build\classes\java\main started by Hari in D:\Workspace\IntelliJWork\SpringRestOracleDemo)
2021-01-21 08:21:15.333  INFO 1216 --- [restartedMain] com.example.demo.OracleApplication       : No active profile set, falling back to default profiles: default
2021-01-21 08:21:15.415  INFO 1216 --- [restartedMain] o.s.b.devtools.restart.ChangeableUrls    : The Class-Path manifest attribute in E:\Softwares\Build\gradle-6.6.1\caches\modules-2\files-2.1\com.oracle.database.jdbc\ojdbc8\19.8.0.0\df9cff9b91c47d06b9a0482d566ee2d83a03e586\ojdbc8-19.8.0.0.jar referenced one or more files that do not exist: file:/E:/Softwares/Build/gradle-6.6.1/caches/modules-2/files-2.1/com.oracle.database.jdbc/ojdbc8/19.8.0.0/df9cff9b91c47d06b9a0482d566ee2d83a03e586/oraclepki.jar
2021-01-21 08:21:15.416  INFO 1216 --- [restartedMain] .e.DevToolsPropertyDefaultsPostProcessor : Devtools property defaults active! Set 'spring.devtools.add-properties' to 'false' to disable
2021-01-21 08:21:15.416  INFO 1216 --- [restartedMain] .e.DevToolsPropertyDefaultsPostProcessor : For additional web related logging consider setting the 'logging.level.web' property to 'DEBUG'
2021-01-21 08:21:17.662  INFO 1216 --- [restartedMain] .s.d.r.c.RepositoryConfigurationDelegate : Bootstrapping Spring Data JPA repositories in DEFERRED mode.
2021-01-21 08:21:17.762  INFO 1216 --- [restartedMain] .s.d.r.c.RepositoryConfigurationDelegate : Finished Spring Data repository scanning in 89 ms. Found 10 JPA repository interfaces.
2021-01-21 08:21:18.059  INFO 1216 --- [restartedMain] o.s.cloud.context.scope.GenericScope     : BeanFactory id=62d37e5e-28c6-37e8-8cb2-5d4fa34bd47a
2021-01-21 08:21:19.275  INFO 1216 --- [restartedMain] o.s.b.w.embedded.tomcat.TomcatWebServer  : Tomcat initialized with port(s): 8081 (http)
2021-01-21 08:21:19.287  INFO 1216 --- [restartedMain] o.apache.catalina.core.StandardService   : Starting service [Tomcat]
2021-01-21 08:21:19.288  INFO 1216 --- [restartedMain] org.apache.catalina.core.StandardEngine  : Starting Servlet engine: [Apache Tomcat/9.0.39]
2021-01-21 08:21:19.403  INFO 1216 --- [restartedMain] o.a.c.c.C.[Tomcat].[localhost].[/]       : Initializing Spring embedded WebApplicationContext
2021-01-21 08:21:19.403  INFO 1216 --- [restartedMain] w.s.c.ServletWebServerApplicationContext : Root WebApplicationContext: initialization completed in 3986 ms
2021-01-21 08:21:19.895  INFO 1216 --- [restartedMain] o.hibernate.jpa.internal.util.LogHelper  : HHH000204: Processing PersistenceUnitInfo [name: default]
2021-01-21 08:21:19.961  INFO 1216 --- [restartedMain] org.hibernate.Version                    : HHH000412: Hibernate ORM core version 5.4.23.Final
2021-01-21 08:21:20.121  INFO 1216 --- [restartedMain] o.hibernate.annotations.common.Version   : HCANN000001: Hibernate Commons Annotations {5.1.2.Final}
2021-01-21 08:21:20.253  INFO 1216 --- [restartedMain] com.zaxxer.hikari.HikariDataSource       : HikariPool-1 - Starting...
2021-01-21 08:21:20.258  WARN 1216 --- [restartedMain] com.zaxxer.hikari.util.DriverDataSource  : Registered driver with driverClassName=oracle.jdbc.driver.OracleDriver was not found, trying direct instantiation.
2021-01-21 08:21:26.150  INFO 1216 --- [restartedMain] com.zaxxer.hikari.HikariDataSource       : HikariPool-1 - Start completed.
2021-01-21 08:21:26.183  INFO 1216 --- [restartedMain] org.hibernate.dialect.Dialect            : HHH000400: Using dialect: org.hibernate.dialect.Oracle12cDialect
2021-01-21 08:22:14.786  INFO 1216 --- [restartedMain] o.h.e.t.j.p.i.JtaPlatformInitiator       : HHH000490: Using JtaPlatform implementation: [org.hibernate.engine.transaction.jta.platform.internal.NoJtaPlatform]
2021-01-21 08:22:14.796  INFO 1216 --- [restartedMain] j.LocalContainerEntityManagerFactoryBean : Initialized JPA EntityManagerFactory for persistence unit 'default'
2021-01-21 08:22:14.827  INFO 1216 --- [restartedMain] o.s.b.d.a.OptionalLiveReloadServer       : LiveReload server is running on port 35729
2021-01-21 08:22:15.290  WARN 1216 --- [restartedMain] JpaBaseConfiguration$JpaWebConfiguration : spring.jpa.open-in-view is enabled by default. Therefore, database queries may be performed during view rendering. Explicitly configure spring.jpa.open-in-view to disable this warning
2021-01-21 08:22:15.596  INFO 1216 --- [restartedMain] o.s.b.a.e.web.EndpointLinksResolver      : Exposing 2 endpoint(s) beneath base path '/actuator'
2021-01-21 08:22:15.694  INFO 1216 --- [restartedMain] o.s.s.concurrent.ThreadPoolTaskExecutor  : Initializing ExecutorService
2021-01-21 08:22:15.696  INFO 1216 --- [restartedMain] o.s.s.concurrent.ThreadPoolTaskExecutor  : Initializing ExecutorService 'asyncExecutor'
2021-01-21 08:22:15.720  INFO 1216 --- [restartedMain] pertySourcedRequestMappingHandlerMapping : Mapped URL path [/v2/api-docs] onto method [springfox.documentation.swagger2.web.Swagger2Controller#getDocumentation(String, HttpServletRequest)]
2021-01-21 08:22:16.572  INFO 1216 --- [restartedMain] o.s.b.w.embedded.tomcat.TomcatWebServer  : Tomcat started on port(s): 8081 (http) with context path ''
2021-01-21 08:22:16.899  INFO 1216 --- [restartedMain] d.s.w.p.DocumentationPluginsBootstrapper : Context refreshed
2021-01-21 08:22:16.926  INFO 1216 --- [restartedMain] d.s.w.p.DocumentationPluginsBootstrapper : Found 1 custom documentation plugin(s)
2021-01-21 08:22:16.966  INFO 1216 --- [restartedMain] s.d.s.w.s.ApiListingReferenceScanner     : Scanning for api listing references
2021-01-21 08:22:17.126  WARN 1216 --- [restartedMain] s.d.s.w.r.p.ParameterDataTypeReader      : Trying to infer dataType org.springframework.ui.ModelMap
2021-01-21 08:22:17.132  WARN 1216 --- [restartedMain] s.d.s.w.r.p.ParameterDataTypeReader      : Trying to infer dataType org.springframework.ui.ModelMap
2021-01-21 08:22:17.135  INFO 1216 --- [restartedMain] .d.s.w.r.o.CachingOperationNameGenerator : Generating unique operation named: getAllCountriesUsingGET_1
2021-01-21 08:22:17.180  INFO 1216 --- [restartedMain] .d.s.w.r.o.CachingOperationNameGenerator : Generating unique operation named: getAllCropInsuranceUsingGET_1
2021-01-21 08:22:17.184  INFO 1216 --- [restartedMain] .d.s.w.r.o.CachingOperationNameGenerator : Generating unique operation named: getByMandalUsingGET_1
2021-01-21 08:22:17.296  INFO 1216 --- [restartedMain] .d.s.w.r.o.CachingOperationNameGenerator : Generating unique operation named: getCountriesUsingGET_1
2021-01-21 08:22:17.322  INFO 1216 --- [restartedMain] .d.s.w.r.o.CachingOperationNameGenerator : Generating unique operation named: helloWorldUsingGET_1
2021-01-21 08:22:17.340  INFO 1216 --- [restartedMain] .d.s.w.r.o.CachingOperationNameGenerator : Generating unique operation named: handleUsingGET_1
2021-01-21 08:22:17.342  INFO 1216 --- [restartedMain] .d.s.w.r.o.CachingOperationNameGenerator : Generating unique operation named: handleUsingGET_2
2021-01-21 08:22:17.347  INFO 1216 --- [restartedMain] .d.s.w.r.o.CachingOperationNameGenerator : Generating unique operation named: getAllEmployeesUsingGET_1
2021-01-21 08:22:17.368  INFO 1216 --- [restartedMain] .d.s.w.r.o.CachingOperationNameGenerator : Generating unique operation named: getCountryCurrencyUsingGET_1
2021-01-21 08:22:17.381  INFO 1216 --- [restartedMain] .d.s.w.r.o.CachingOperationNameGenerator : Generating unique operation named: findByClaimAmountGreaterThanEqualUsingGET_1
2021-01-21 08:22:17.408  INFO 1216 --- [restartedMain] .d.s.w.r.o.CachingOperationNameGenerator : Generating unique operation named: getAllCropInsuranceUsingGET_2
2021-01-21 08:22:17.410  INFO 1216 --- [restartedMain] .d.s.w.r.o.CachingOperationNameGenerator : Generating unique operation named: getByMandalUsingGET_2
2021-01-21 08:22:17.416  INFO 1216 --- [restartedMain] .d.s.w.r.o.CachingOperationNameGenerator : Generating unique operation named: getAllEmployeesUsingGET_2
2021-01-21 08:22:17.456  INFO 1216 --- [restartedMain] DeferredRepositoryInitializationListener : Triggering deferred initialization of Spring Data repositories…
2021-01-21 08:22:18.193  INFO 1216 --- [restartedMain] DeferredRepositoryInitializationListener : Spring Data repositories initialized!
2021-01-21 08:22:18.209  INFO 1216 --- [restartedMain] com.example.demo.OracleApplication       : Started OracleApplication in 63.728 seconds (JVM running for 64.995)
2021-01-21 08:22:18.216  INFO 1216 --- [restartedMain] com.example.demo.OracleApplication       : =====================Logging Start====================================
2021-01-21 08:22:18.217  INFO 1216 --- [restartedMain] com.example.demo.OracleApplication       : JAVA_HOME==
2021-01-21 08:22:18.217  INFO 1216 --- [restartedMain] com.example.demo.OracleApplication       : app.name==
2021-01-21 08:22:18.217  INFO 1216 --- [restartedMain] com.example.demo.OracleApplication       : local.server.port==:
2021-01-21 08:22:18.219  INFO 1216 --- [restartedMain] com.example.demo.OracleApplication       : getHostAddress==192.168.56.1
2021-01-21 08:22:18.219  INFO 1216 --- [restartedMain] com.example.demo.OracleApplication       : getHostName==DESKTOP-JJG7BGH
2021-01-21 08:22:18.219  INFO 1216 --- [restartedMain] com.example.demo.OracleApplication       : ======================Logging End======================================
2021-01-21 08:22:18.221  INFO 1216 --- [restartedMain] com.example.demo.OracleApplication       : getHostAddress==192.168.56.1
2021-01-21 08:22:18.221  INFO 1216 --- [restartedMain] com.example.demo.OracleApplication       : getHostName==DESKTOP-JJG7BGH
2021-01-21 08:24:44.092  INFO 8424 --- [restartedMain] com.example.demo.OracleApplication       : Starting OracleApplication using Java 11.0.1 on DESKTOP-JJG7BGH with PID 8424 (D:\Workspace\IntelliJWork\SpringRestOracleDemo\build\classes\java\main started by Hari in D:\Workspace\IntelliJWork\SpringRestOracleDemo)
2021-01-21 08:24:44.097  INFO 8424 --- [restartedMain] com.example.demo.OracleApplication       : No active profile set, falling back to default profiles: default
2021-01-21 08:24:44.173  INFO 8424 --- [restartedMain] o.s.b.devtools.restart.ChangeableUrls    : The Class-Path manifest attribute in E:\Softwares\Build\gradle-6.6.1\caches\modules-2\files-2.1\com.oracle.database.jdbc\ojdbc8\19.8.0.0\df9cff9b91c47d06b9a0482d566ee2d83a03e586\ojdbc8-19.8.0.0.jar referenced one or more files that do not exist: file:/E:/Softwares/Build/gradle-6.6.1/caches/modules-2/files-2.1/com.oracle.database.jdbc/ojdbc8/19.8.0.0/df9cff9b91c47d06b9a0482d566ee2d83a03e586/oraclepki.jar
2021-01-21 08:24:44.173  INFO 8424 --- [restartedMain] .e.DevToolsPropertyDefaultsPostProcessor : Devtools property defaults active! Set 'spring.devtools.add-properties' to 'false' to disable
2021-01-21 08:24:44.173  INFO 8424 --- [restartedMain] .e.DevToolsPropertyDefaultsPostProcessor : For additional web related logging consider setting the 'logging.level.web' property to 'DEBUG'
2021-01-21 08:24:45.694  INFO 8424 --- [restartedMain] .s.d.r.c.RepositoryConfigurationDelegate : Bootstrapping Spring Data JPA repositories in DEFERRED mode.
2021-01-21 08:24:45.793  INFO 8424 --- [restartedMain] .s.d.r.c.RepositoryConfigurationDelegate : Finished Spring Data repository scanning in 90 ms. Found 10 JPA repository interfaces.
2021-01-21 08:24:46.098  INFO 8424 --- [restartedMain] o.s.cloud.context.scope.GenericScope     : BeanFactory id=62d37e5e-28c6-37e8-8cb2-5d4fa34bd47a
2021-01-21 08:24:47.268  INFO 8424 --- [restartedMain] o.s.b.w.embedded.tomcat.TomcatWebServer  : Tomcat initialized with port(s): 8081 (http)
2021-01-21 08:24:47.282  INFO 8424 --- [restartedMain] o.apache.catalina.core.StandardService   : Starting service [Tomcat]
2021-01-21 08:24:47.282  INFO 8424 --- [restartedMain] org.apache.catalina.core.StandardEngine  : Starting Servlet engine: [Apache Tomcat/9.0.39]
2021-01-21 08:24:47.389  INFO 8424 --- [restartedMain] o.a.c.c.C.[Tomcat].[localhost].[/]       : Initializing Spring embedded WebApplicationContext
2021-01-21 08:24:47.389  INFO 8424 --- [restartedMain] w.s.c.ServletWebServerApplicationContext : Root WebApplicationContext: initialization completed in 3215 ms
2021-01-21 08:24:47.909  INFO 8424 --- [restartedMain] o.hibernate.jpa.internal.util.LogHelper  : HHH000204: Processing PersistenceUnitInfo [name: default]
2021-01-21 08:24:47.986  INFO 8424 --- [restartedMain] org.hibernate.Version                    : HHH000412: Hibernate ORM core version 5.4.23.Final
2021-01-21 08:24:48.160  INFO 8424 --- [restartedMain] o.hibernate.annotations.common.Version   : HCANN000001: Hibernate Commons Annotations {5.1.2.Final}
2021-01-21 08:24:48.293  INFO 8424 --- [restartedMain] com.zaxxer.hikari.HikariDataSource       : HikariPool-1 - Starting...
2021-01-21 08:24:48.298  WARN 8424 --- [restartedMain] com.zaxxer.hikari.util.DriverDataSource  : Registered driver with driverClassName=oracle.jdbc.driver.OracleDriver was not found, trying direct instantiation.
2021-01-21 08:24:48.765  INFO 8424 --- [restartedMain] com.zaxxer.hikari.HikariDataSource       : HikariPool-1 - Start completed.
2021-01-21 08:24:48.783  INFO 8424 --- [restartedMain] org.hibernate.dialect.Dialect            : HHH000400: Using dialect: org.hibernate.dialect.Oracle12cDialect
2021-01-21 08:25:35.138  INFO 8424 --- [restartedMain] o.h.e.t.j.p.i.JtaPlatformInitiator       : HHH000490: Using JtaPlatform implementation: [org.hibernate.engine.transaction.jta.platform.internal.NoJtaPlatform]
2021-01-21 08:25:35.146  INFO 8424 --- [restartedMain] j.LocalContainerEntityManagerFactoryBean : Initialized JPA EntityManagerFactory for persistence unit 'default'
2021-01-21 08:25:35.177  INFO 8424 --- [restartedMain] o.s.b.d.a.OptionalLiveReloadServer       : LiveReload server is running on port 35729
2021-01-21 08:25:35.693  WARN 8424 --- [restartedMain] JpaBaseConfiguration$JpaWebConfiguration : spring.jpa.open-in-view is enabled by default. Therefore, database queries may be performed during view rendering. Explicitly configure spring.jpa.open-in-view to disable this warning
2021-01-21 08:25:35.964  INFO 8424 --- [restartedMain] o.s.b.a.e.web.EndpointLinksResolver      : Exposing 2 endpoint(s) beneath base path '/actuator'
2021-01-21 08:25:36.068  INFO 8424 --- [restartedMain] o.s.s.concurrent.ThreadPoolTaskExecutor  : Initializing ExecutorService
2021-01-21 08:25:36.069  INFO 8424 --- [restartedMain] o.s.s.concurrent.ThreadPoolTaskExecutor  : Initializing ExecutorService 'asyncExecutor'
2021-01-21 08:25:36.096  INFO 8424 --- [restartedMain] pertySourcedRequestMappingHandlerMapping : Mapped URL path [/v2/api-docs] onto method [springfox.documentation.swagger2.web.Swagger2Controller#getDocumentation(String, HttpServletRequest)]
2021-01-21 08:25:36.945  INFO 8424 --- [restartedMain] o.s.b.w.embedded.tomcat.TomcatWebServer  : Tomcat started on port(s): 8081 (http) with context path ''
2021-01-21 08:25:37.275  INFO 8424 --- [restartedMain] d.s.w.p.DocumentationPluginsBootstrapper : Context refreshed
2021-01-21 08:25:37.297  INFO 8424 --- [restartedMain] d.s.w.p.DocumentationPluginsBootstrapper : Found 1 custom documentation plugin(s)
2021-01-21 08:25:37.335  INFO 8424 --- [restartedMain] s.d.s.w.s.ApiListingReferenceScanner     : Scanning for api listing references
2021-01-21 08:25:37.527  WARN 8424 --- [restartedMain] s.d.s.w.r.p.ParameterDataTypeReader      : Trying to infer dataType org.springframework.ui.ModelMap
2021-01-21 08:25:37.531  WARN 8424 --- [restartedMain] s.d.s.w.r.p.ParameterDataTypeReader      : Trying to infer dataType org.springframework.ui.ModelMap
2021-01-21 08:25:37.536  INFO 8424 --- [restartedMain] .d.s.w.r.o.CachingOperationNameGenerator : Generating unique operation named: getAllCountriesUsingGET_1
2021-01-21 08:25:37.580  INFO 8424 --- [restartedMain] .d.s.w.r.o.CachingOperationNameGenerator : Generating unique operation named: getAllCropInsuranceUsingGET_1
2021-01-21 08:25:37.583  INFO 8424 --- [restartedMain] .d.s.w.r.o.CachingOperationNameGenerator : Generating unique operation named: getByMandalUsingGET_1
2021-01-21 08:25:37.699  INFO 8424 --- [restartedMain] .d.s.w.r.o.CachingOperationNameGenerator : Generating unique operation named: getCountriesUsingGET_1
2021-01-21 08:25:37.730  INFO 8424 --- [restartedMain] .d.s.w.r.o.CachingOperationNameGenerator : Generating unique operation named: helloWorldUsingGET_1
2021-01-21 08:25:37.750  INFO 8424 --- [restartedMain] .d.s.w.r.o.CachingOperationNameGenerator : Generating unique operation named: handleUsingGET_1
2021-01-21 08:25:37.753  INFO 8424 --- [restartedMain] .d.s.w.r.o.CachingOperationNameGenerator : Generating unique operation named: handleUsingGET_2
2021-01-21 08:25:37.758  INFO 8424 --- [restartedMain] .d.s.w.r.o.CachingOperationNameGenerator : Generating unique operation named: getAllEmployeesUsingGET_1
2021-01-21 08:25:37.786  INFO 8424 --- [restartedMain] .d.s.w.r.o.CachingOperationNameGenerator : Generating unique operation named: getCountryCurrencyUsingGET_1
2021-01-21 08:25:37.807  INFO 8424 --- [restartedMain] .d.s.w.r.o.CachingOperationNameGenerator : Generating unique operation named: findByClaimAmountGreaterThanEqualUsingGET_1
2021-01-21 08:25:37.856  INFO 8424 --- [restartedMain] .d.s.w.r.o.CachingOperationNameGenerator : Generating unique operation named: getAllCropInsuranceUsingGET_2
2021-01-21 08:25:37.860  INFO 8424 --- [restartedMain] .d.s.w.r.o.CachingOperationNameGenerator : Generating unique operation named: getByMandalUsingGET_2
2021-01-21 08:25:37.870  INFO 8424 --- [restartedMain] .d.s.w.r.o.CachingOperationNameGenerator : Generating unique operation named: getAllEmployeesUsingGET_2
2021-01-21 08:25:37.928  INFO 8424 --- [restartedMain] DeferredRepositoryInitializationListener : Triggering deferred initialization of Spring Data repositories…
2021-01-21 08:25:38.743  INFO 8424 --- [restartedMain] DeferredRepositoryInitializationListener : Spring Data repositories initialized!
2021-01-21 08:25:38.765  INFO 8424 --- [restartedMain] com.example.demo.OracleApplication       : Started OracleApplication in 55.509 seconds (JVM running for 56.157)
2021-01-21 08:25:38.773  INFO 8424 --- [restartedMain] com.example.demo.OracleApplication       : =====================Logging Start====================================
2021-01-21 08:25:38.773  INFO 8424 --- [restartedMain] com.example.demo.OracleApplication       : JAVA_HOME==
2021-01-21 08:25:38.774  INFO 8424 --- [restartedMain] com.example.demo.OracleApplication       : app.name==
2021-01-21 08:25:38.774  INFO 8424 --- [restartedMain] com.example.demo.OracleApplication       : local.server.port==:
2021-01-21 08:25:38.775  INFO 8424 --- [restartedMain] com.example.demo.OracleApplication       : getHostAddress==192.168.56.1
2021-01-21 08:25:38.776  INFO 8424 --- [restartedMain] com.example.demo.OracleApplication       : getHostName==DESKTOP-JJG7BGH
2021-01-21 08:25:38.776  INFO 8424 --- [restartedMain] com.example.demo.OracleApplication       : ======================Logging End======================================
2021-01-21 08:25:38.779  INFO 8424 --- [restartedMain] com.example.demo.OracleApplication       : getHostAddress==192.168.56.1
2021-01-21 08:25:38.780  INFO 8424 --- [restartedMain] com.example.demo.OracleApplication       : getHostName==DESKTOP-JJG7BGH
2021-01-21 08:41:52.954  INFO 9296 --- [restartedMain] com.example.demo.OracleApplication       : Starting OracleApplication using Java 11.0.1 on DESKTOP-JJG7BGH with PID 9296 (D:\Workspace\IntelliJWork\SpringRestOracleDemo\build\classes\java\main started by Hari in D:\Workspace\IntelliJWork\SpringRestOracleDemo)
2021-01-21 08:41:52.958  INFO 9296 --- [restartedMain] com.example.demo.OracleApplication       : No active profile set, falling back to default profiles: default
2021-01-21 08:41:53.031  INFO 9296 --- [restartedMain] o.s.b.devtools.restart.ChangeableUrls    : The Class-Path manifest attribute in E:\Softwares\Build\gradle-6.6.1\caches\modules-2\files-2.1\com.oracle.database.jdbc\ojdbc8\19.8.0.0\df9cff9b91c47d06b9a0482d566ee2d83a03e586\ojdbc8-19.8.0.0.jar referenced one or more files that do not exist: file:/E:/Softwares/Build/gradle-6.6.1/caches/modules-2/files-2.1/com.oracle.database.jdbc/ojdbc8/19.8.0.0/df9cff9b91c47d06b9a0482d566ee2d83a03e586/oraclepki.jar
2021-01-21 08:41:53.032  INFO 9296 --- [restartedMain] .e.DevToolsPropertyDefaultsPostProcessor : Devtools property defaults active! Set 'spring.devtools.add-properties' to 'false' to disable
2021-01-21 08:41:53.032  INFO 9296 --- [restartedMain] .e.DevToolsPropertyDefaultsPostProcessor : For additional web related logging consider setting the 'logging.level.web' property to 'DEBUG'
2021-01-21 08:41:54.323  INFO 9296 --- [restartedMain] .s.d.r.c.RepositoryConfigurationDelegate : Bootstrapping Spring Data JPA repositories in DEFAULT mode.
2021-01-21 08:41:54.407  INFO 9296 --- [restartedMain] .s.d.r.c.RepositoryConfigurationDelegate : Finished Spring Data repository scanning in 75 ms. Found 10 JPA repository interfaces.
2021-01-21 08:41:55.025  INFO 9296 --- [restartedMain] o.s.cloud.context.scope.GenericScope     : BeanFactory id=c5197c3e-bc6a-33fc-bcb5-af1bd5095df9
2021-01-21 08:41:56.191  INFO 9296 --- [restartedMain] o.s.b.w.embedded.tomcat.TomcatWebServer  : Tomcat initialized with port(s): 8081 (http)
2021-01-21 08:41:56.203  INFO 9296 --- [restartedMain] o.apache.catalina.core.StandardService   : Starting service [Tomcat]
2021-01-21 08:41:56.203  INFO 9296 --- [restartedMain] org.apache.catalina.core.StandardEngine  : Starting Servlet engine: [Apache Tomcat/9.0.39]
2021-01-21 08:41:56.305  INFO 9296 --- [restartedMain] o.a.c.c.C.[Tomcat].[localhost].[/]       : Initializing Spring embedded WebApplicationContext
2021-01-21 08:41:56.305  INFO 9296 --- [restartedMain] w.s.c.ServletWebServerApplicationContext : Root WebApplicationContext: initialization completed in 3272 ms
2021-01-21 08:41:56.683  INFO 9296 --- [restartedMain] o.hibernate.jpa.internal.util.LogHelper  : HHH000204: Processing PersistenceUnitInfo [name: default]
2021-01-21 08:41:56.750  INFO 9296 --- [restartedMain] org.hibernate.Version                    : HHH000412: Hibernate ORM core version 5.4.23.Final
2021-01-21 08:41:56.907  INFO 9296 --- [restartedMain] o.hibernate.annotations.common.Version   : HCANN000001: Hibernate Commons Annotations {5.1.2.Final}
2021-01-21 08:41:57.463 ERROR 9296 --- [restartedMain] com.zaxxer.hikari.HikariConfig           : HikariPool-1 - dataSource or dataSourceClassName or jdbcUrl is required.
2021-01-21 08:41:57.596  WARN 9296 --- [restartedMain] o.h.e.j.e.i.JdbcEnvironmentInitiator     : HHH000342: Could not obtain connection to query metadata

java.lang.IllegalArgumentException: dataSource or dataSourceClassName or jdbcUrl is required.
	at com.zaxxer.hikari.HikariConfig.validate(HikariConfig.java:1004) ~[HikariCP-3.4.5.jar:na]
	at com.zaxxer.hikari.HikariDataSource.getConnection(HikariDataSource.java:109) ~[HikariCP-3.4.5.jar:na]
	at org.hibernate.engine.jdbc.connections.internal.DatasourceConnectionProviderImpl.getConnection(DatasourceConnectionProviderImpl.java:122) ~[hibernate-core-5.4.23.Final.jar:5.4.23.Final]
	at org.hibernate.engine.jdbc.env.internal.JdbcEnvironmentInitiator$ConnectionProviderJdbcConnectionAccess.obtainConnection(JdbcEnvironmentInitiator.java:180) ~[hibernate-core-5.4.23.Final.jar:5.4.23.Final]
	at org.hibernate.engine.jdbc.env.internal.JdbcEnvironmentInitiator.initiateService(JdbcEnvironmentInitiator.java:68) ~[hibernate-core-5.4.23.Final.jar:5.4.23.Final]
	at org.hibernate.engine.jdbc.env.internal.JdbcEnvironmentInitiator.initiateService(JdbcEnvironmentInitiator.java:35) ~[hibernate-core-5.4.23.Final.jar:5.4.23.Final]
	at org.hibernate.boot.registry.internal.StandardServiceRegistryImpl.initiateService(StandardServiceRegistryImpl.java:101) ~[hibernate-core-5.4.23.Final.jar:5.4.23.Final]
	at org.hibernate.service.internal.AbstractServiceRegistryImpl.createService(AbstractServiceRegistryImpl.java:263) ~[hibernate-core-5.4.23.Final.jar:5.4.23.Final]
	at org.hibernate.service.internal.AbstractServiceRegistryImpl.initializeService(AbstractServiceRegistryImpl.java:237) ~[hibernate-core-5.4.23.Final.jar:5.4.23.Final]
	at org.hibernate.service.internal.AbstractServiceRegistryImpl.getService(AbstractServiceRegistryImpl.java:214) ~[hibernate-core-5.4.23.Final.jar:5.4.23.Final]
	at org.hibernate.id.factory.internal.DefaultIdentifierGeneratorFactory.injectServices(DefaultIdentifierGeneratorFactory.java:152) ~[hibernate-core-5.4.23.Final.jar:5.4.23.Final]
	at org.hibernate.service.internal.AbstractServiceRegistryImpl.injectDependencies(AbstractServiceRegistryImpl.java:286) ~[hibernate-core-5.4.23.Final.jar:5.4.23.Final]
	at org.hibernate.service.internal.AbstractServiceRegistryImpl.initializeService(AbstractServiceRegistryImpl.java:243) ~[hibernate-core-5.4.23.Final.jar:5.4.23.Final]
	at org.hibernate.service.internal.AbstractServiceRegistryImpl.getService(AbstractServiceRegistryImpl.java:214) ~[hibernate-core-5.4.23.Final.jar:5.4.23.Final]
	at org.hibernate.boot.internal.InFlightMetadataCollectorImpl.<init>(InFlightMetadataCollectorImpl.java:176) ~[hibernate-core-5.4.23.Final.jar:5.4.23.Final]
	at org.hibernate.boot.model.process.spi.MetadataBuildingProcess.complete(MetadataBuildingProcess.java:118) ~[hibernate-core-5.4.23.Final.jar:5.4.23.Final]
	at org.hibernate.jpa.boot.internal.EntityManagerFactoryBuilderImpl.metadata(EntityManagerFactoryBuilderImpl.java:1224) ~[hibernate-core-5.4.23.Final.jar:5.4.23.Final]
	at org.hibernate.jpa.boot.internal.EntityManagerFactoryBuilderImpl.build(EntityManagerFactoryBuilderImpl.java:1255) ~[hibernate-core-5.4.23.Final.jar:5.4.23.Final]
	at org.springframework.orm.jpa.vendor.SpringHibernateJpaPersistenceProvider.createContainerEntityManagerFactory(SpringHibernateJpaPersistenceProvider.java:58) ~[spring-orm-5.3.1.jar:5.3.1]
	at org.springframework.orm.jpa.LocalContainerEntityManagerFactoryBean.createNativeEntityManagerFactory(LocalContainerEntityManagerFactoryBean.java:365) ~[spring-orm-5.3.1.jar:5.3.1]
	at org.springframework.orm.jpa.AbstractEntityManagerFactoryBean.buildNativeEntityManagerFactory(AbstractEntityManagerFactoryBean.java:409) ~[spring-orm-5.3.1.jar:5.3.1]
	at org.springframework.orm.jpa.AbstractEntityManagerFactoryBean.afterPropertiesSet(AbstractEntityManagerFactoryBean.java:396) ~[spring-orm-5.3.1.jar:5.3.1]
	at org.springframework.orm.jpa.LocalContainerEntityManagerFactoryBean.afterPropertiesSet(LocalContainerEntityManagerFactoryBean.java:341) ~[spring-orm-5.3.1.jar:5.3.1]
	at org.springframework.beans.factory.support.AbstractAutowireCapableBeanFactory.invokeInitMethods(AbstractAutowireCapableBeanFactory.java:1847) ~[spring-beans-5.3.1.jar:5.3.1]
	at org.springframework.beans.factory.support.AbstractAutowireCapableBeanFactory.initializeBean(AbstractAutowireCapableBeanFactory.java:1784) ~[spring-beans-5.3.1.jar:5.3.1]
	at org.springframework.beans.factory.support.AbstractAutowireCapableBeanFactory.doCreateBean(AbstractAutowireCapableBeanFactory.java:609) ~[spring-beans-5.3.1.jar:5.3.1]
	at org.springframework.beans.factory.support.AbstractAutowireCapableBeanFactory.createBean(AbstractAutowireCapableBeanFactory.java:531) ~[spring-beans-5.3.1.jar:5.3.1]
	at org.springframework.beans.factory.support.AbstractBeanFactory.lambda$doGetBean$0(AbstractBeanFactory.java:335) ~[spring-beans-5.3.1.jar:5.3.1]
	at org.springframework.beans.factory.support.DefaultSingletonBeanRegistry.getSingleton(DefaultSingletonBeanRegistry.java:234) ~[spring-beans-5.3.1.jar:5.3.1]
	at org.springframework.beans.factory.support.AbstractBeanFactory.doGetBean(AbstractBeanFactory.java:333) ~[spring-beans-5.3.1.jar:5.3.1]
	at org.springframework.beans.factory.support.AbstractBeanFactory.getBean(AbstractBeanFactory.java:208) ~[spring-beans-5.3.1.jar:5.3.1]
	at org.springframework.context.support.AbstractApplicationContext.getBean(AbstractApplicationContext.java:1161) ~[spring-context-5.3.1.jar:5.3.1]
	at org.springframework.context.support.AbstractApplicationContext.finishBeanFactoryInitialization(AbstractApplicationContext.java:915) ~[spring-context-5.3.1.jar:5.3.1]
	at org.springframework.context.support.AbstractApplicationContext.refresh(AbstractApplicationContext.java:588) ~[spring-context-5.3.1.jar:5.3.1]
	at org.springframework.boot.web.servlet.context.ServletWebServerApplicationContext.refresh(ServletWebServerApplicationContext.java:144) ~[spring-boot-2.4.0.jar:2.4.0]
	at org.springframework.boot.SpringApplication.refresh(SpringApplication.java:767) ~[spring-boot-2.4.0.jar:2.4.0]
	at org.springframework.boot.SpringApplication.refresh(SpringApplication.java:759) ~[spring-boot-2.4.0.jar:2.4.0]
	at org.springframework.boot.SpringApplication.refreshContext(SpringApplication.java:426) ~[spring-boot-2.4.0.jar:2.4.0]
	at org.springframework.boot.SpringApplication.run(SpringApplication.java:326) ~[spring-boot-2.4.0.jar:2.4.0]
	at org.springframework.boot.SpringApplication.run(SpringApplication.java:1309) ~[spring-boot-2.4.0.jar:2.4.0]
	at org.springframework.boot.SpringApplication.run(SpringApplication.java:1298) ~[spring-boot-2.4.0.jar:2.4.0]
	at com.example.demo.OracleApplication.main(OracleApplication.java:34) ~[main/:na]
	at java.base/jdk.internal.reflect.NativeMethodAccessorImpl.invoke0(Native Method) ~[na:na]
	at java.base/jdk.internal.reflect.NativeMethodAccessorImpl.invoke(NativeMethodAccessorImpl.java:62) ~[na:na]
	at java.base/jdk.internal.reflect.DelegatingMethodAccessorImpl.invoke(DelegatingMethodAccessorImpl.java:43) ~[na:na]
	at java.base/java.lang.reflect.Method.invoke(Method.java:566) ~[na:na]
	at org.springframework.boot.devtools.restart.RestartLauncher.run(RestartLauncher.java:49) ~[spring-boot-devtools-2.4.0.jar:2.4.0]

2021-01-21 08:41:57.624  INFO 9296 --- [restartedMain] org.hibernate.dialect.Dialect            : HHH000400: Using dialect: org.hibernate.dialect.Oracle12cDialect
2021-01-21 08:41:58.472 ERROR 9296 --- [restartedMain] com.zaxxer.hikari.HikariConfig           : HikariPool-1 - dataSource or dataSourceClassName or jdbcUrl is required.
2021-01-21 08:41:58.474  WARN 9296 --- [restartedMain] ConfigServletWebServerApplicationContext : Exception encountered during context initialization - cancelling refresh attempt: org.springframework.beans.factory.BeanCreationException: Error creating bean with name 'prodEntityManager' defined in class path resource [com/example/demo/prod/ProdDataSource.class]: Invocation of init method failed; nested exception is javax.persistence.PersistenceException: [PersistenceUnit: default] Unable to build Hibernate SessionFactory; nested exception is java.lang.IllegalArgumentException: dataSource or dataSourceClassName or jdbcUrl is required.
2021-01-21 08:41:58.477  INFO 9296 --- [restartedMain] o.apache.catalina.core.StandardService   : Stopping service [Tomcat]
2021-01-21 08:41:58.572  INFO 9296 --- [restartedMain] ConditionEvaluationReportLoggingListener : 

Error starting ApplicationContext. To display the conditions report re-run your application with 'debug' enabled.
2021-01-21 08:41:58.623 ERROR 9296 --- [restartedMain] o.s.boot.SpringApplication               : Application run failed

org.springframework.beans.factory.BeanCreationException: Error creating bean with name 'prodEntityManager' defined in class path resource [com/example/demo/prod/ProdDataSource.class]: Invocation of init method failed; nested exception is javax.persistence.PersistenceException: [PersistenceUnit: default] Unable to build Hibernate SessionFactory; nested exception is java.lang.IllegalArgumentException: dataSource or dataSourceClassName or jdbcUrl is required.
	at org.springframework.beans.factory.support.AbstractAutowireCapableBeanFactory.initializeBean(AbstractAutowireCapableBeanFactory.java:1788) ~[spring-beans-5.3.1.jar:5.3.1]
	at org.springframework.beans.factory.support.AbstractAutowireCapableBeanFactory.doCreateBean(AbstractAutowireCapableBeanFactory.java:609) ~[spring-beans-5.3.1.jar:5.3.1]
	at org.springframework.beans.factory.support.AbstractAutowireCapableBeanFactory.createBean(AbstractAutowireCapableBeanFactory.java:531) ~[spring-beans-5.3.1.jar:5.3.1]
	at org.springframework.beans.factory.support.AbstractBeanFactory.lambda$doGetBean$0(AbstractBeanFactory.java:335) ~[spring-beans-5.3.1.jar:5.3.1]
	at org.springframework.beans.factory.support.DefaultSingletonBeanRegistry.getSingleton(DefaultSingletonBeanRegistry.java:234) ~[spring-beans-5.3.1.jar:5.3.1]
	at org.springframework.beans.factory.support.AbstractBeanFactory.doGetBean(AbstractBeanFactory.java:333) ~[spring-beans-5.3.1.jar:5.3.1]
	at org.springframework.beans.factory.support.AbstractBeanFactory.getBean(AbstractBeanFactory.java:208) ~[spring-beans-5.3.1.jar:5.3.1]
	at org.springframework.context.support.AbstractApplicationContext.getBean(AbstractApplicationContext.java:1161) ~[spring-context-5.3.1.jar:5.3.1]
	at org.springframework.context.support.AbstractApplicationContext.finishBeanFactoryInitialization(AbstractApplicationContext.java:915) ~[spring-context-5.3.1.jar:5.3.1]
	at org.springframework.context.support.AbstractApplicationContext.refresh(AbstractApplicationContext.java:588) ~[spring-context-5.3.1.jar:5.3.1]
	at org.springframework.boot.web.servlet.context.ServletWebServerApplicationContext.refresh(ServletWebServerApplicationContext.java:144) ~[spring-boot-2.4.0.jar:2.4.0]
	at org.springframework.boot.SpringApplication.refresh(SpringApplication.java:767) ~[spring-boot-2.4.0.jar:2.4.0]
	at org.springframework.boot.SpringApplication.refresh(SpringApplication.java:759) ~[spring-boot-2.4.0.jar:2.4.0]
	at org.springframework.boot.SpringApplication.refreshContext(SpringApplication.java:426) ~[spring-boot-2.4.0.jar:2.4.0]
	at org.springframework.boot.SpringApplication.run(SpringApplication.java:326) ~[spring-boot-2.4.0.jar:2.4.0]
	at org.springframework.boot.SpringApplication.run(SpringApplication.java:1309) ~[spring-boot-2.4.0.jar:2.4.0]
	at org.springframework.boot.SpringApplication.run(SpringApplication.java:1298) ~[spring-boot-2.4.0.jar:2.4.0]
	at com.example.demo.OracleApplication.main(OracleApplication.java:34) ~[main/:na]
	at java.base/jdk.internal.reflect.NativeMethodAccessorImpl.invoke0(Native Method) ~[na:na]
	at java.base/jdk.internal.reflect.NativeMethodAccessorImpl.invoke(NativeMethodAccessorImpl.java:62) ~[na:na]
	at java.base/jdk.internal.reflect.DelegatingMethodAccessorImpl.invoke(DelegatingMethodAccessorImpl.java:43) ~[na:na]
	at java.base/java.lang.reflect.Method.invoke(Method.java:566) ~[na:na]
	at org.springframework.boot.devtools.restart.RestartLauncher.run(RestartLauncher.java:49) ~[spring-boot-devtools-2.4.0.jar:2.4.0]
Caused by: javax.persistence.PersistenceException: [PersistenceUnit: default] Unable to build Hibernate SessionFactory; nested exception is java.lang.IllegalArgumentException: dataSource or dataSourceClassName or jdbcUrl is required.
	at org.springframework.orm.jpa.AbstractEntityManagerFactoryBean.buildNativeEntityManagerFactory(AbstractEntityManagerFactoryBean.java:421) ~[spring-orm-5.3.1.jar:5.3.1]
	at org.springframework.orm.jpa.AbstractEntityManagerFactoryBean.afterPropertiesSet(AbstractEntityManagerFactoryBean.java:396) ~[spring-orm-5.3.1.jar:5.3.1]
	at org.springframework.orm.jpa.LocalContainerEntityManagerFactoryBean.afterPropertiesSet(LocalContainerEntityManagerFactoryBean.java:341) ~[spring-orm-5.3.1.jar:5.3.1]
	at org.springframework.beans.factory.support.AbstractAutowireCapableBeanFactory.invokeInitMethods(AbstractAutowireCapableBeanFactory.java:1847) ~[spring-beans-5.3.1.jar:5.3.1]
	at org.springframework.beans.factory.support.AbstractAutowireCapableBeanFactory.initializeBean(AbstractAutowireCapableBeanFactory.java:1784) ~[spring-beans-5.3.1.jar:5.3.1]
	... 22 common frames omitted
Caused by: java.lang.IllegalArgumentException: dataSource or dataSourceClassName or jdbcUrl is required.
	at com.zaxxer.hikari.HikariConfig.validate(HikariConfig.java:1004) ~[HikariCP-3.4.5.jar:na]
	at com.zaxxer.hikari.HikariDataSource.getConnection(HikariDataSource.java:109) ~[HikariCP-3.4.5.jar:na]
	at org.hibernate.engine.jdbc.connections.internal.DatasourceConnectionProviderImpl.getConnection(DatasourceConnectionProviderImpl.java:122) ~[hibernate-core-5.4.23.Final.jar:5.4.23.Final]
	at org.hibernate.engine.jdbc.env.internal.JdbcEnvironmentInitiator$ConnectionProviderJdbcConnectionAccess.obtainConnection(JdbcEnvironmentInitiator.java:180) ~[hibernate-core-5.4.23.Final.jar:5.4.23.Final]
	at org.hibernate.resource.transaction.backend.jdbc.internal.DdlTransactionIsolatorNonJtaImpl.getIsolatedConnection(DdlTransactionIsolatorNonJtaImpl.java:43) ~[hibernate-core-5.4.23.Final.jar:5.4.23.Final]
	at org.hibernate.tool.schema.internal.exec.ImprovedExtractionContextImpl.getJdbcConnection(ImprovedExtractionContextImpl.java:60) ~[hibernate-core-5.4.23.Final.jar:5.4.23.Final]
	at org.hibernate.tool.schema.extract.internal.SequenceInformationExtractorLegacyImpl.extractMetadata(SequenceInformationExtractorLegacyImpl.java:40) ~[hibernate-core-5.4.23.Final.jar:5.4.23.Final]
	at org.hibernate.tool.schema.extract.internal.DatabaseInformationImpl.initializeSequences(DatabaseInformationImpl.java:65) ~[hibernate-core-5.4.23.Final.jar:5.4.23.Final]
	at org.hibernate.tool.schema.extract.internal.DatabaseInformationImpl.<init>(DatabaseInformationImpl.java:59) ~[hibernate-core-5.4.23.Final.jar:5.4.23.Final]
	at org.hibernate.tool.schema.internal.Helper.buildDatabaseInformation(Helper.java:155) ~[hibernate-core-5.4.23.Final.jar:5.4.23.Final]
	at org.hibernate.tool.schema.internal.AbstractSchemaMigrator.doMigration(AbstractSchemaMigrator.java:96) ~[hibernate-core-5.4.23.Final.jar:5.4.23.Final]
	at org.hibernate.tool.schema.spi.SchemaManagementToolCoordinator.performDatabaseAction(SchemaManagementToolCoordinator.java:184) ~[hibernate-core-5.4.23.Final.jar:5.4.23.Final]
	at org.hibernate.tool.schema.spi.SchemaManagementToolCoordinator.process(SchemaManagementToolCoordinator.java:73) ~[hibernate-core-5.4.23.Final.jar:5.4.23.Final]
	at org.hibernate.internal.SessionFactoryImpl.<init>(SessionFactoryImpl.java:316) ~[hibernate-core-5.4.23.Final.jar:5.4.23.Final]
	at org.hibernate.boot.internal.SessionFactoryBuilderImpl.build(SessionFactoryBuilderImpl.java:469) ~[hibernate-core-5.4.23.Final.jar:5.4.23.Final]
	at org.hibernate.jpa.boot.internal.EntityManagerFactoryBuilderImpl.build(EntityManagerFactoryBuilderImpl.java:1259) ~[hibernate-core-5.4.23.Final.jar:5.4.23.Final]
	at org.springframework.orm.jpa.vendor.SpringHibernateJpaPersistenceProvider.createContainerEntityManagerFactory(SpringHibernateJpaPersistenceProvider.java:58) ~[spring-orm-5.3.1.jar:5.3.1]
	at org.springframework.orm.jpa.LocalContainerEntityManagerFactoryBean.createNativeEntityManagerFactory(LocalContainerEntityManagerFactoryBean.java:365) ~[spring-orm-5.3.1.jar:5.3.1]
	at org.springframework.orm.jpa.AbstractEntityManagerFactoryBean.buildNativeEntityManagerFactory(AbstractEntityManagerFactoryBean.java:409) ~[spring-orm-5.3.1.jar:5.3.1]
	... 26 common frames omitted

2021-01-21 08:42:58.454  INFO 8576 --- [restartedMain] com.example.demo.OracleApplication       : Starting OracleApplication using Java 11.0.1 on DESKTOP-JJG7BGH with PID 8576 (D:\Workspace\IntelliJWork\SpringRestOracleDemo\build\classes\java\main started by Hari in D:\Workspace\IntelliJWork\SpringRestOracleDemo)
2021-01-21 08:42:58.457  INFO 8576 --- [restartedMain] com.example.demo.OracleApplication       : No active profile set, falling back to default profiles: default
2021-01-21 08:42:58.539  INFO 8576 --- [restartedMain] o.s.b.devtools.restart.ChangeableUrls    : The Class-Path manifest attribute in E:\Softwares\Build\gradle-6.6.1\caches\modules-2\files-2.1\com.oracle.database.jdbc\ojdbc8\19.8.0.0\df9cff9b91c47d06b9a0482d566ee2d83a03e586\ojdbc8-19.8.0.0.jar referenced one or more files that do not exist: file:/E:/Softwares/Build/gradle-6.6.1/caches/modules-2/files-2.1/com.oracle.database.jdbc/ojdbc8/19.8.0.0/df9cff9b91c47d06b9a0482d566ee2d83a03e586/oraclepki.jar
2021-01-21 08:42:58.540  INFO 8576 --- [restartedMain] .e.DevToolsPropertyDefaultsPostProcessor : Devtools property defaults active! Set 'spring.devtools.add-properties' to 'false' to disable
2021-01-21 08:42:58.540  INFO 8576 --- [restartedMain] .e.DevToolsPropertyDefaultsPostProcessor : For additional web related logging consider setting the 'logging.level.web' property to 'DEBUG'
2021-01-21 08:42:59.624  INFO 8576 --- [restartedMain] .s.d.r.c.RepositoryConfigurationDelegate : Bootstrapping Spring Data JPA repositories in DEFAULT mode.
2021-01-21 08:42:59.705  INFO 8576 --- [restartedMain] .s.d.r.c.RepositoryConfigurationDelegate : Finished Spring Data repository scanning in 71 ms. Found 10 JPA repository interfaces.
2021-01-21 08:43:00.302  INFO 8576 --- [restartedMain] o.s.cloud.context.scope.GenericScope     : BeanFactory id=c5197c3e-bc6a-33fc-bcb5-af1bd5095df9
2021-01-21 08:43:01.441  INFO 8576 --- [restartedMain] o.s.b.w.embedded.tomcat.TomcatWebServer  : Tomcat initialized with port(s): 8081 (http)
2021-01-21 08:43:01.452  INFO 8576 --- [restartedMain] o.apache.catalina.core.StandardService   : Starting service [Tomcat]
2021-01-21 08:43:01.452  INFO 8576 --- [restartedMain] org.apache.catalina.core.StandardEngine  : Starting Servlet engine: [Apache Tomcat/9.0.39]
2021-01-21 08:43:01.558  INFO 8576 --- [restartedMain] o.a.c.c.C.[Tomcat].[localhost].[/]       : Initializing Spring embedded WebApplicationContext
2021-01-21 08:43:01.558  INFO 8576 --- [restartedMain] w.s.c.ServletWebServerApplicationContext : Root WebApplicationContext: initialization completed in 3017 ms
2021-01-21 08:43:02.024  INFO 8576 --- [restartedMain] o.hibernate.jpa.internal.util.LogHelper  : HHH000204: Processing PersistenceUnitInfo [name: default]
2021-01-21 08:43:02.084  INFO 8576 --- [restartedMain] org.hibernate.Version                    : HHH000412: Hibernate ORM core version 5.4.23.Final
2021-01-21 08:43:02.267  INFO 8576 --- [restartedMain] o.hibernate.annotations.common.Version   : HCANN000001: Hibernate Commons Annotations {5.1.2.Final}
2021-01-21 08:43:02.486  INFO 8576 --- [restartedMain] com.zaxxer.hikari.HikariDataSource       : HikariPool-1 - Starting...
2021-01-21 08:43:02.491  WARN 8576 --- [restartedMain] com.zaxxer.hikari.util.DriverDataSource  : Registered driver with driverClassName=oracle.jdbc.driver.OracleDriver was not found, trying direct instantiation.
2021-01-21 08:43:03.280  INFO 8576 --- [restartedMain] com.zaxxer.hikari.HikariDataSource       : HikariPool-1 - Start completed.
2021-01-21 08:43:03.297  INFO 8576 --- [restartedMain] org.hibernate.dialect.Dialect            : HHH000400: Using dialect: org.hibernate.dialect.Oracle12cDialect
2021-01-21 08:43:57.493  INFO 8576 --- [restartedMain] o.h.e.t.j.p.i.JtaPlatformInitiator       : HHH000490: Using JtaPlatform implementation: [org.hibernate.engine.transaction.jta.platform.internal.NoJtaPlatform]
2021-01-21 08:43:57.502  INFO 8576 --- [restartedMain] j.LocalContainerEntityManagerFactoryBean : Initialized JPA EntityManagerFactory for persistence unit 'default'
2021-01-21 08:43:57.537  INFO 8576 --- [restartedMain] o.s.b.d.a.OptionalLiveReloadServer       : LiveReload server is running on port 35729
2021-01-21 08:43:58.699  WARN 8576 --- [restartedMain] JpaBaseConfiguration$JpaWebConfiguration : spring.jpa.open-in-view is enabled by default. Therefore, database queries may be performed during view rendering. Explicitly configure spring.jpa.open-in-view to disable this warning
2021-01-21 08:43:58.966  INFO 8576 --- [restartedMain] o.s.b.a.e.web.EndpointLinksResolver      : Exposing 2 endpoint(s) beneath base path '/actuator'
2021-01-21 08:43:59.055  INFO 8576 --- [restartedMain] o.s.s.concurrent.ThreadPoolTaskExecutor  : Initializing ExecutorService
2021-01-21 08:43:59.056  INFO 8576 --- [restartedMain] o.s.s.concurrent.ThreadPoolTaskExecutor  : Initializing ExecutorService 'asyncExecutor'
2021-01-21 08:43:59.080  INFO 8576 --- [restartedMain] pertySourcedRequestMappingHandlerMapping : Mapped URL path [/v2/api-docs] onto method [springfox.documentation.swagger2.web.Swagger2Controller#getDocumentation(String, HttpServletRequest)]
2021-01-21 08:43:59.934  INFO 8576 --- [restartedMain] o.s.b.w.embedded.tomcat.TomcatWebServer  : Tomcat started on port(s): 8081 (http) with context path ''
2021-01-21 08:44:00.272  INFO 8576 --- [restartedMain] d.s.w.p.DocumentationPluginsBootstrapper : Context refreshed
2021-01-21 08:44:00.290  INFO 8576 --- [restartedMain] d.s.w.p.DocumentationPluginsBootstrapper : Found 1 custom documentation plugin(s)
2021-01-21 08:44:00.333  INFO 8576 --- [restartedMain] s.d.s.w.s.ApiListingReferenceScanner     : Scanning for api listing references
2021-01-21 08:44:00.487  WARN 8576 --- [restartedMain] s.d.s.w.r.p.ParameterDataTypeReader      : Trying to infer dataType org.springframework.ui.ModelMap
2021-01-21 08:44:00.491  WARN 8576 --- [restartedMain] s.d.s.w.r.p.ParameterDataTypeReader      : Trying to infer dataType org.springframework.ui.ModelMap
2021-01-21 08:44:00.495  INFO 8576 --- [restartedMain] .d.s.w.r.o.CachingOperationNameGenerator : Generating unique operation named: getAllCountriesUsingGET_1
2021-01-21 08:44:00.538  INFO 8576 --- [restartedMain] .d.s.w.r.o.CachingOperationNameGenerator : Generating unique operation named: getAllCropInsuranceUsingGET_1
2021-01-21 08:44:00.540  INFO 8576 --- [restartedMain] .d.s.w.r.o.CachingOperationNameGenerator : Generating unique operation named: getByMandalUsingGET_1
2021-01-21 08:44:00.642  INFO 8576 --- [restartedMain] .d.s.w.r.o.CachingOperationNameGenerator : Generating unique operation named: getCountriesUsingGET_1
2021-01-21 08:44:00.673  INFO 8576 --- [restartedMain] .d.s.w.r.o.CachingOperationNameGenerator : Generating unique operation named: helloWorldUsingGET_1
2021-01-21 08:44:00.691  INFO 8576 --- [restartedMain] .d.s.w.r.o.CachingOperationNameGenerator : Generating unique operation named: handleUsingGET_1
2021-01-21 08:44:00.692  INFO 8576 --- [restartedMain] .d.s.w.r.o.CachingOperationNameGenerator : Generating unique operation named: handleUsingGET_2
2021-01-21 08:44:00.695  INFO 8576 --- [restartedMain] .d.s.w.r.o.CachingOperationNameGenerator : Generating unique operation named: getAllEmployeesUsingGET_1
2021-01-21 08:44:00.719  INFO 8576 --- [restartedMain] .d.s.w.r.o.CachingOperationNameGenerator : Generating unique operation named: getCountryCurrencyUsingGET_1
2021-01-21 08:44:00.737  INFO 8576 --- [restartedMain] .d.s.w.r.o.CachingOperationNameGenerator : Generating unique operation named: findByClaimAmountGreaterThanEqualUsingGET_1
2021-01-21 08:44:00.777  INFO 8576 --- [restartedMain] .d.s.w.r.o.CachingOperationNameGenerator : Generating unique operation named: getAllCropInsuranceUsingGET_2
2021-01-21 08:44:00.779  INFO 8576 --- [restartedMain] .d.s.w.r.o.CachingOperationNameGenerator : Generating unique operation named: getByMandalUsingGET_2
2021-01-21 08:44:00.784  INFO 8576 --- [restartedMain] .d.s.w.r.o.CachingOperationNameGenerator : Generating unique operation named: getAllEmployeesUsingGET_2
2021-01-21 08:44:00.829  INFO 8576 --- [restartedMain] com.example.demo.OracleApplication       : Started OracleApplication in 63.189 seconds (JVM running for 63.82)
2021-01-21 08:44:00.837  INFO 8576 --- [restartedMain] com.example.demo.OracleApplication       : =====================Logging Start====================================
2021-01-21 08:44:00.838  INFO 8576 --- [restartedMain] com.example.demo.OracleApplication       : JAVA_HOME==
2021-01-21 08:44:00.838  INFO 8576 --- [restartedMain] com.example.demo.OracleApplication       : app.name==
2021-01-21 08:44:00.838  INFO 8576 --- [restartedMain] com.example.demo.OracleApplication       : local.server.port==:
2021-01-21 08:44:00.839  INFO 8576 --- [restartedMain] com.example.demo.OracleApplication       : getHostAddress==192.168.56.1
2021-01-21 08:44:00.840  INFO 8576 --- [restartedMain] com.example.demo.OracleApplication       : getHostName==DESKTOP-JJG7BGH
2021-01-21 08:44:00.840  INFO 8576 --- [restartedMain] com.example.demo.OracleApplication       : ======================Logging End======================================
2021-01-21 08:44:00.841  INFO 8576 --- [restartedMain] com.example.demo.OracleApplication       : getHostAddress==192.168.56.1
2021-01-21 08:44:00.842  INFO 8576 --- [restartedMain] com.example.demo.OracleApplication       : getHostName==DESKTOP-JJG7BGH
2021-01-21 08:48:25.876  INFO 9296 --- [restartedMain] com.example.demo.OracleApplication       : Starting OracleApplication using Java 11.0.1 on DESKTOP-JJG7BGH with PID 9296 (D:\Workspace\IntelliJWork\SpringRestOracleDemo\build\classes\java\main started by Hari in D:\Workspace\IntelliJWork\SpringRestOracleDemo)
2021-01-21 08:48:25.881  INFO 9296 --- [restartedMain] com.example.demo.OracleApplication       : No active profile set, falling back to default profiles: default
2021-01-21 08:48:25.957  INFO 9296 --- [restartedMain] o.s.b.devtools.restart.ChangeableUrls    : The Class-Path manifest attribute in E:\Softwares\Build\gradle-6.6.1\caches\modules-2\files-2.1\com.oracle.database.jdbc\ojdbc8\19.8.0.0\df9cff9b91c47d06b9a0482d566ee2d83a03e586\ojdbc8-19.8.0.0.jar referenced one or more files that do not exist: file:/E:/Softwares/Build/gradle-6.6.1/caches/modules-2/files-2.1/com.oracle.database.jdbc/ojdbc8/19.8.0.0/df9cff9b91c47d06b9a0482d566ee2d83a03e586/oraclepki.jar
2021-01-21 08:48:25.958  INFO 9296 --- [restartedMain] .e.DevToolsPropertyDefaultsPostProcessor : Devtools property defaults active! Set 'spring.devtools.add-properties' to 'false' to disable
2021-01-21 08:48:25.958  INFO 9296 --- [restartedMain] .e.DevToolsPropertyDefaultsPostProcessor : For additional web related logging consider setting the 'logging.level.web' property to 'DEBUG'
2021-01-21 08:48:27.122  INFO 9296 --- [restartedMain] .s.d.r.c.RepositoryConfigurationDelegate : Bootstrapping Spring Data JPA repositories in DEFAULT mode.
2021-01-21 08:48:27.202  INFO 9296 --- [restartedMain] .s.d.r.c.RepositoryConfigurationDelegate : Finished Spring Data repository scanning in 71 ms. Found 10 JPA repository interfaces.
2021-01-21 08:48:27.203  INFO 9296 --- [restartedMain] .s.d.r.c.RepositoryConfigurationDelegate : Bootstrapping Spring Data JPA repositories in DEFAULT mode.
2021-01-21 08:48:27.215  WARN 9296 --- [restartedMain] ConfigServletWebServerApplicationContext : Exception encountered during context initialization - cancelling refresh attempt: org.springframework.beans.factory.support.BeanDefinitionOverrideException: Invalid bean definition with name 'IPersonRepository' defined in com.example.demo.repos.IPersonRepository defined in @EnableJpaRepositories declared on ProdDataSource: Cannot register bean definition [Root bean: class [org.springframework.data.jpa.repository.support.JpaRepositoryFactoryBean]; scope=; abstract=false; lazyInit=false; autowireMode=0; dependencyCheck=0; autowireCandidate=true; primary=false; factoryBeanName=null; factoryMethodName=null; initMethodName=null; destroyMethodName=null; defined in com.example.demo.repos.IPersonRepository defined in @EnableJpaRepositories declared on ProdDataSource] for bean 'IPersonRepository': There is already [Root bean: class [org.springframework.data.jpa.repository.support.JpaRepositoryFactoryBean]; scope=; abstract=false; lazyInit=false; autowireMode=0; dependencyCheck=0; autowireCandidate=true; primary=false; factoryBeanName=null; factoryMethodName=null; initMethodName=null; destroyMethodName=null; defined in com.example.demo.repos.IPersonRepository defined in @EnableJpaRepositories declared on DevDataSource] bound.
2021-01-21 08:48:27.226  INFO 9296 --- [restartedMain] ConditionEvaluationReportLoggingListener : 

Error starting ApplicationContext. To display the conditions report re-run your application with 'debug' enabled.
2021-01-21 08:48:27.243 ERROR 9296 --- [restartedMain] o.s.b.d.LoggingFailureAnalysisReporter   : 

***************************
APPLICATION FAILED TO START
***************************

Description:

The bean 'IPersonRepository', defined in com.example.demo.repos.IPersonRepository defined in @EnableJpaRepositories declared on ProdDataSource, could not be registered. A bean with that name has already been defined in com.example.demo.repos.IPersonRepository defined in @EnableJpaRepositories declared on DevDataSource and overriding is disabled.

Action:

Consider renaming one of the beans or enabling overriding by setting spring.main.allow-bean-definition-overriding=true

2021-01-21 08:50:55.474  INFO 2320 --- [restartedMain] com.example.demo.OracleApplication       : Starting OracleApplication using Java 11.0.1 on DESKTOP-JJG7BGH with PID 2320 (D:\Workspace\IntelliJWork\SpringRestOracleDemo\build\classes\java\main started by Hari in D:\Workspace\IntelliJWork\SpringRestOracleDemo)
2021-01-21 08:50:55.479  INFO 2320 --- [restartedMain] com.example.demo.OracleApplication       : No active profile set, falling back to default profiles: default
2021-01-21 08:50:55.556  INFO 2320 --- [restartedMain] o.s.b.devtools.restart.ChangeableUrls    : The Class-Path manifest attribute in E:\Softwares\Build\gradle-6.6.1\caches\modules-2\files-2.1\com.oracle.database.jdbc\ojdbc8\19.8.0.0\df9cff9b91c47d06b9a0482d566ee2d83a03e586\ojdbc8-19.8.0.0.jar referenced one or more files that do not exist: file:/E:/Softwares/Build/gradle-6.6.1/caches/modules-2/files-2.1/com.oracle.database.jdbc/ojdbc8/19.8.0.0/df9cff9b91c47d06b9a0482d566ee2d83a03e586/oraclepki.jar
2021-01-21 08:50:55.556  INFO 2320 --- [restartedMain] .e.DevToolsPropertyDefaultsPostProcessor : Devtools property defaults active! Set 'spring.devtools.add-properties' to 'false' to disable
2021-01-21 08:50:55.556  INFO 2320 --- [restartedMain] .e.DevToolsPropertyDefaultsPostProcessor : For additional web related logging consider setting the 'logging.level.web' property to 'DEBUG'
2021-01-21 08:50:56.773  INFO 2320 --- [restartedMain] .s.d.r.c.RepositoryConfigurationDelegate : Bootstrapping Spring Data JPA repositories in DEFAULT mode.
2021-01-21 08:50:56.832  INFO 2320 --- [restartedMain] .s.d.r.c.RepositoryConfigurationDelegate : Finished Spring Data repository scanning in 47 ms. Found 1 JPA repository interfaces.
2021-01-21 08:50:56.833  INFO 2320 --- [restartedMain] .s.d.r.c.RepositoryConfigurationDelegate : Bootstrapping Spring Data JPA repositories in DEFAULT mode.
2021-01-21 08:50:56.868  WARN 2320 --- [restartedMain] ConfigServletWebServerApplicationContext : Exception encountered during context initialization - cancelling refresh attempt: org.springframework.beans.factory.support.BeanDefinitionOverrideException: Invalid bean definition with name 'countriesRepository' defined in com.example.demo.repos.dev.CountriesRepository defined in @EnableJpaRepositories declared on ProdDataSource: Cannot register bean definition [Root bean: class [org.springframework.data.jpa.repository.support.JpaRepositoryFactoryBean]; scope=; abstract=false; lazyInit=false; autowireMode=0; dependencyCheck=0; autowireCandidate=true; primary=false; factoryBeanName=null; factoryMethodName=null; initMethodName=null; destroyMethodName=null; defined in com.example.demo.repos.dev.CountriesRepository defined in @EnableJpaRepositories declared on ProdDataSource] for bean 'countriesRepository': There is already [Root bean: class [org.springframework.data.jpa.repository.support.JpaRepositoryFactoryBean]; scope=; abstract=false; lazyInit=false; autowireMode=0; dependencyCheck=0; autowireCandidate=true; primary=false; factoryBeanName=null; factoryMethodName=null; initMethodName=null; destroyMethodName=null; defined in com.example.demo.repos.dev.CountriesRepository defined in @EnableJpaRepositories declared on DevDataSource] bound.
2021-01-21 08:50:56.883  INFO 2320 --- [restartedMain] ConditionEvaluationReportLoggingListener : 

Error starting ApplicationContext. To display the conditions report re-run your application with 'debug' enabled.
2021-01-21 08:50:56.909 ERROR 2320 --- [restartedMain] o.s.b.d.LoggingFailureAnalysisReporter   : 

***************************
APPLICATION FAILED TO START
***************************

Description:

The bean 'countriesRepository', defined in com.example.demo.repos.dev.CountriesRepository defined in @EnableJpaRepositories declared on ProdDataSource, could not be registered. A bean with that name has already been defined in com.example.demo.repos.dev.CountriesRepository defined in @EnableJpaRepositories declared on DevDataSource and overriding is disabled.

Action:

Consider renaming one of the beans or enabling overriding by setting spring.main.allow-bean-definition-overriding=true

2021-01-21 08:53:02.483  INFO 6492 --- [restartedMain] com.example.demo.OracleApplication       : Starting OracleApplication using Java 11.0.1 on DESKTOP-JJG7BGH with PID 6492 (D:\Workspace\IntelliJWork\SpringRestOracleDemo\build\classes\java\main started by Hari in D:\Workspace\IntelliJWork\SpringRestOracleDemo)
2021-01-21 08:53:02.487  INFO 6492 --- [restartedMain] com.example.demo.OracleApplication       : No active profile set, falling back to default profiles: default
2021-01-21 08:53:02.568  INFO 6492 --- [restartedMain] o.s.b.devtools.restart.ChangeableUrls    : The Class-Path manifest attribute in E:\Softwares\Build\gradle-6.6.1\caches\modules-2\files-2.1\com.oracle.database.jdbc\ojdbc8\19.8.0.0\df9cff9b91c47d06b9a0482d566ee2d83a03e586\ojdbc8-19.8.0.0.jar referenced one or more files that do not exist: file:/E:/Softwares/Build/gradle-6.6.1/caches/modules-2/files-2.1/com.oracle.database.jdbc/ojdbc8/19.8.0.0/df9cff9b91c47d06b9a0482d566ee2d83a03e586/oraclepki.jar
2021-01-21 08:53:02.569  INFO 6492 --- [restartedMain] .e.DevToolsPropertyDefaultsPostProcessor : Devtools property defaults active! Set 'spring.devtools.add-properties' to 'false' to disable
2021-01-21 08:53:02.570  INFO 6492 --- [restartedMain] .e.DevToolsPropertyDefaultsPostProcessor : For additional web related logging consider setting the 'logging.level.web' property to 'DEBUG'
2021-01-21 08:53:03.781  INFO 6492 --- [restartedMain] .s.d.r.c.RepositoryConfigurationDelegate : Bootstrapping Spring Data JPA repositories in DEFAULT mode.
2021-01-21 08:53:03.839  INFO 6492 --- [restartedMain] .s.d.r.c.RepositoryConfigurationDelegate : Finished Spring Data repository scanning in 48 ms. Found 1 JPA repository interfaces.
2021-01-21 08:53:03.840  INFO 6492 --- [restartedMain] .s.d.r.c.RepositoryConfigurationDelegate : Bootstrapping Spring Data JPA repositories in DEFAULT mode.
2021-01-21 08:53:03.879  WARN 6492 --- [restartedMain] ConfigServletWebServerApplicationContext : Exception encountered during context initialization - cancelling refresh attempt: org.springframework.beans.factory.support.BeanDefinitionOverrideException: Invalid bean definition with name 'countriesRepository' defined in com.example.demo.repos.dev.CountriesRepository defined in @EnableJpaRepositories declared on ProdDataSource: Cannot register bean definition [Root bean: class [org.springframework.data.jpa.repository.support.JpaRepositoryFactoryBean]; scope=; abstract=false; lazyInit=false; autowireMode=0; dependencyCheck=0; autowireCandidate=true; primary=false; factoryBeanName=null; factoryMethodName=null; initMethodName=null; destroyMethodName=null; defined in com.example.demo.repos.dev.CountriesRepository defined in @EnableJpaRepositories declared on ProdDataSource] for bean 'countriesRepository': There is already [Root bean: class [org.springframework.data.jpa.repository.support.JpaRepositoryFactoryBean]; scope=; abstract=false; lazyInit=false; autowireMode=0; dependencyCheck=0; autowireCandidate=true; primary=false; factoryBeanName=null; factoryMethodName=null; initMethodName=null; destroyMethodName=null; defined in com.example.demo.repos.dev.CountriesRepository defined in @EnableJpaRepositories declared on DevDataSource] bound.
2021-01-21 08:53:03.892  INFO 6492 --- [restartedMain] ConditionEvaluationReportLoggingListener : 

Error starting ApplicationContext. To display the conditions report re-run your application with 'debug' enabled.
2021-01-21 08:53:03.912 ERROR 6492 --- [restartedMain] o.s.b.d.LoggingFailureAnalysisReporter   : 

***************************
APPLICATION FAILED TO START
***************************

Description:

The bean 'countriesRepository', defined in com.example.demo.repos.dev.CountriesRepository defined in @EnableJpaRepositories declared on ProdDataSource, could not be registered. A bean with that name has already been defined in com.example.demo.repos.dev.CountriesRepository defined in @EnableJpaRepositories declared on DevDataSource and overriding is disabled.

Action:

Consider renaming one of the beans or enabling overriding by setting spring.main.allow-bean-definition-overriding=true

2021-01-21 08:53:55.781  INFO 1872 --- [restartedMain] com.example.demo.OracleApplication       : Starting OracleApplication using Java 11.0.1 on DESKTOP-JJG7BGH with PID 1872 (D:\Workspace\IntelliJWork\SpringRestOracleDemo\build\classes\java\main started by Hari in D:\Workspace\IntelliJWork\SpringRestOracleDemo)
2021-01-21 08:53:55.785  INFO 1872 --- [restartedMain] com.example.demo.OracleApplication       : No active profile set, falling back to default profiles: default
2021-01-21 08:53:55.862  INFO 1872 --- [restartedMain] o.s.b.devtools.restart.ChangeableUrls    : The Class-Path manifest attribute in E:\Softwares\Build\gradle-6.6.1\caches\modules-2\files-2.1\com.oracle.database.jdbc\ojdbc8\19.8.0.0\df9cff9b91c47d06b9a0482d566ee2d83a03e586\ojdbc8-19.8.0.0.jar referenced one or more files that do not exist: file:/E:/Softwares/Build/gradle-6.6.1/caches/modules-2/files-2.1/com.oracle.database.jdbc/ojdbc8/19.8.0.0/df9cff9b91c47d06b9a0482d566ee2d83a03e586/oraclepki.jar
2021-01-21 08:53:55.863  INFO 1872 --- [restartedMain] .e.DevToolsPropertyDefaultsPostProcessor : Devtools property defaults active! Set 'spring.devtools.add-properties' to 'false' to disable
2021-01-21 08:53:55.863  INFO 1872 --- [restartedMain] .e.DevToolsPropertyDefaultsPostProcessor : For additional web related logging consider setting the 'logging.level.web' property to 'DEBUG'
2021-01-21 08:53:57.037  INFO 1872 --- [restartedMain] .s.d.r.c.RepositoryConfigurationDelegate : Bootstrapping Spring Data JPA repositories in DEFAULT mode.
2021-01-21 08:53:57.087  INFO 1872 --- [restartedMain] .s.d.r.c.RepositoryConfigurationDelegate : Finished Spring Data repository scanning in 38 ms. Found 1 JPA repository interfaces.
2021-01-21 08:53:57.087  INFO 1872 --- [restartedMain] .s.d.r.c.RepositoryConfigurationDelegate : Bootstrapping Spring Data JPA repositories in DEFAULT mode.
2021-01-21 08:53:57.114  WARN 1872 --- [restartedMain] ConfigServletWebServerApplicationContext : Exception encountered during context initialization - cancelling refresh attempt: org.springframework.beans.factory.support.BeanDefinitionOverrideException: Invalid bean definition with name 'countriesRepository' defined in com.example.demo.repos.dev.CountriesRepository defined in @EnableJpaRepositories declared on ProdDataSource: Cannot register bean definition [Root bean: class [org.springframework.data.jpa.repository.support.JpaRepositoryFactoryBean]; scope=; abstract=false; lazyInit=false; autowireMode=0; dependencyCheck=0; autowireCandidate=true; primary=false; factoryBeanName=null; factoryMethodName=null; initMethodName=null; destroyMethodName=null; defined in com.example.demo.repos.dev.CountriesRepository defined in @EnableJpaRepositories declared on ProdDataSource] for bean 'countriesRepository': There is already [Root bean: class [org.springframework.data.jpa.repository.support.JpaRepositoryFactoryBean]; scope=; abstract=false; lazyInit=false; autowireMode=0; dependencyCheck=0; autowireCandidate=true; primary=false; factoryBeanName=null; factoryMethodName=null; initMethodName=null; destroyMethodName=null; defined in com.example.demo.repos.dev.CountriesRepository defined in @EnableJpaRepositories declared on DevDataSource] bound.
2021-01-21 08:53:57.125  INFO 1872 --- [restartedMain] ConditionEvaluationReportLoggingListener : 

Error starting ApplicationContext. To display the conditions report re-run your application with 'debug' enabled.
2021-01-21 08:53:57.143 ERROR 1872 --- [restartedMain] o.s.b.d.LoggingFailureAnalysisReporter   : 

***************************
APPLICATION FAILED TO START
***************************

Description:

The bean 'countriesRepository', defined in com.example.demo.repos.dev.CountriesRepository defined in @EnableJpaRepositories declared on ProdDataSource, could not be registered. A bean with that name has already been defined in com.example.demo.repos.dev.CountriesRepository defined in @EnableJpaRepositories declared on DevDataSource and overriding is disabled.

Action:

Consider renaming one of the beans or enabling overriding by setting spring.main.allow-bean-definition-overriding=true

2021-01-21 08:57:09.633  INFO 7732 --- [restartedMain] com.example.demo.OracleApplication       : Starting OracleApplication using Java 11.0.1 on DESKTOP-JJG7BGH with PID 7732 (D:\Workspace\IntelliJWork\SpringRestOracleDemo\build\classes\java\main started by Hari in D:\Workspace\IntelliJWork\SpringRestOracleDemo)
2021-01-21 08:57:09.636  INFO 7732 --- [restartedMain] com.example.demo.OracleApplication       : No active profile set, falling back to default profiles: default
2021-01-21 08:57:09.708  INFO 7732 --- [restartedMain] o.s.b.devtools.restart.ChangeableUrls    : The Class-Path manifest attribute in E:\Softwares\Build\gradle-6.6.1\caches\modules-2\files-2.1\com.oracle.database.jdbc\ojdbc8\19.8.0.0\df9cff9b91c47d06b9a0482d566ee2d83a03e586\ojdbc8-19.8.0.0.jar referenced one or more files that do not exist: file:/E:/Softwares/Build/gradle-6.6.1/caches/modules-2/files-2.1/com.oracle.database.jdbc/ojdbc8/19.8.0.0/df9cff9b91c47d06b9a0482d566ee2d83a03e586/oraclepki.jar
2021-01-21 08:57:09.709  INFO 7732 --- [restartedMain] .e.DevToolsPropertyDefaultsPostProcessor : Devtools property defaults active! Set 'spring.devtools.add-properties' to 'false' to disable
2021-01-21 08:57:09.710  INFO 7732 --- [restartedMain] .e.DevToolsPropertyDefaultsPostProcessor : For additional web related logging consider setting the 'logging.level.web' property to 'DEBUG'
2021-01-21 08:57:10.834  INFO 7732 --- [restartedMain] .s.d.r.c.RepositoryConfigurationDelegate : Bootstrapping Spring Data JPA repositories in DEFAULT mode.
2021-01-21 08:57:10.889  INFO 7732 --- [restartedMain] .s.d.r.c.RepositoryConfigurationDelegate : Finished Spring Data repository scanning in 45 ms. Found 1 JPA repository interfaces.
2021-01-21 08:57:10.889  INFO 7732 --- [restartedMain] .s.d.r.c.RepositoryConfigurationDelegate : Bootstrapping Spring Data JPA repositories in DEFAULT mode.
2021-01-21 08:57:10.923  INFO 7732 --- [restartedMain] .s.d.r.c.RepositoryConfigurationDelegate : Finished Spring Data repository scanning in 33 ms. Found 10 JPA repository interfaces.
2021-01-21 08:57:11.534  INFO 7732 --- [restartedMain] o.s.cloud.context.scope.GenericScope     : BeanFactory id=378ab129-2bbb-3a68-8615-03fc081a32d0
2021-01-21 08:57:12.734  INFO 7732 --- [restartedMain] o.s.b.w.embedded.tomcat.TomcatWebServer  : Tomcat initialized with port(s): 8081 (http)
2021-01-21 08:57:12.746  INFO 7732 --- [restartedMain] o.apache.catalina.core.StandardService   : Starting service [Tomcat]
2021-01-21 08:57:12.747  INFO 7732 --- [restartedMain] org.apache.catalina.core.StandardEngine  : Starting Servlet engine: [Apache Tomcat/9.0.39]
2021-01-21 08:57:12.855  INFO 7732 --- [restartedMain] o.a.c.c.C.[Tomcat].[localhost].[/]       : Initializing Spring embedded WebApplicationContext
2021-01-21 08:57:12.855  INFO 7732 --- [restartedMain] w.s.c.ServletWebServerApplicationContext : Root WebApplicationContext: initialization completed in 3145 ms
2021-01-21 08:57:13.320  INFO 7732 --- [restartedMain] o.hibernate.jpa.internal.util.LogHelper  : HHH000204: Processing PersistenceUnitInfo [name: default]
2021-01-21 08:57:13.406  INFO 7732 --- [restartedMain] org.hibernate.Version                    : HHH000412: Hibernate ORM core version 5.4.23.Final
2021-01-21 08:57:13.565  INFO 7732 --- [restartedMain] o.hibernate.annotations.common.Version   : HCANN000001: Hibernate Commons Annotations {5.1.2.Final}
2021-01-21 08:57:13.757  INFO 7732 --- [restartedMain] com.zaxxer.hikari.HikariDataSource       : HikariPool-1 - Starting...
2021-01-21 08:57:13.761  WARN 7732 --- [restartedMain] com.zaxxer.hikari.util.DriverDataSource  : Registered driver with driverClassName=oracle.jdbc.driver.OracleDriver was not found, trying direct instantiation.
2021-01-21 08:57:14.099  INFO 7732 --- [restartedMain] com.zaxxer.hikari.HikariDataSource       : HikariPool-1 - Start completed.
2021-01-21 08:57:14.129  INFO 7732 --- [restartedMain] org.hibernate.dialect.Dialect            : HHH000400: Using dialect: org.hibernate.dialect.Oracle12cDialect
2021-01-21 08:58:08.280  INFO 7732 --- [restartedMain] o.h.e.t.j.p.i.JtaPlatformInitiator       : HHH000490: Using JtaPlatform implementation: [org.hibernate.engine.transaction.jta.platform.internal.NoJtaPlatform]
2021-01-21 08:58:08.288  INFO 7732 --- [restartedMain] j.LocalContainerEntityManagerFactoryBean : Initialized JPA EntityManagerFactory for persistence unit 'default'
2021-01-21 08:58:08.323  INFO 7732 --- [restartedMain] o.s.b.d.a.OptionalLiveReloadServer       : LiveReload server is running on port 35729
2021-01-21 08:58:08.329  INFO 7732 --- [restartedMain] o.hibernate.jpa.internal.util.LogHelper  : HHH000204: Processing PersistenceUnitInfo [name: default]
2021-01-21 08:58:08.365  INFO 7732 --- [restartedMain] com.zaxxer.hikari.HikariDataSource       : HikariPool-2 - Starting...
2021-01-21 08:58:08.366  WARN 7732 --- [restartedMain] com.zaxxer.hikari.util.DriverDataSource  : Registered driver with driverClassName=oracle.jdbc.driver.OracleDriver was not found, trying direct instantiation.
2021-01-21 08:58:08.563  INFO 7732 --- [restartedMain] com.zaxxer.hikari.HikariDataSource       : HikariPool-2 - Start completed.
2021-01-21 08:58:08.564  INFO 7732 --- [restartedMain] org.hibernate.dialect.Dialect            : HHH000400: Using dialect: org.hibernate.dialect.Oracle12cDialect
2021-01-21 08:59:01.685  INFO 7732 --- [restartedMain] o.h.e.t.j.p.i.JtaPlatformInitiator       : HHH000490: Using JtaPlatform implementation: [org.hibernate.engine.transaction.jta.platform.internal.NoJtaPlatform]
2021-01-21 08:59:01.686  INFO 7732 --- [restartedMain] j.LocalContainerEntityManagerFactoryBean : Initialized JPA EntityManagerFactory for persistence unit 'default'
2021-01-21 08:59:02.872  WARN 7732 --- [restartedMain] JpaBaseConfiguration$JpaWebConfiguration : spring.jpa.open-in-view is enabled by default. Therefore, database queries may be performed during view rendering. Explicitly configure spring.jpa.open-in-view to disable this warning
2021-01-21 08:59:03.148  INFO 7732 --- [restartedMain] o.s.b.a.e.web.EndpointLinksResolver      : Exposing 2 endpoint(s) beneath base path '/actuator'
2021-01-21 08:59:03.228  INFO 7732 --- [restartedMain] o.s.s.concurrent.ThreadPoolTaskExecutor  : Initializing ExecutorService
2021-01-21 08:59:03.229  INFO 7732 --- [restartedMain] o.s.s.concurrent.ThreadPoolTaskExecutor  : Initializing ExecutorService 'asyncExecutor'
2021-01-21 08:59:03.258  INFO 7732 --- [restartedMain] pertySourcedRequestMappingHandlerMapping : Mapped URL path [/v2/api-docs] onto method [springfox.documentation.swagger2.web.Swagger2Controller#getDocumentation(String, HttpServletRequest)]
2021-01-21 08:59:03.299  WARN 7732 --- [restartedMain] ConfigServletWebServerApplicationContext : Exception encountered during context initialization - cancelling refresh attempt: org.springframework.beans.factory.BeanCreationException: Error creating bean with name 'countriesRepository' defined in com.example.demo.reposDev.CountriesRepository defined in @EnableJpaRepositories declared on DevDataSource: Invocation of init method failed; nested exception is java.lang.IllegalArgumentException: Not a managed type: class com.example.demo.dto.Countries
2021-01-21 08:59:03.299  INFO 7732 --- [restartedMain] o.s.s.concurrent.ThreadPoolTaskExecutor  : Shutting down ExecutorService 'asyncExecutor'
2021-01-21 08:59:03.304  INFO 7732 --- [restartedMain] j.LocalContainerEntityManagerFactoryBean : Closing JPA EntityManagerFactory for persistence unit 'default'
2021-01-21 08:59:03.305  INFO 7732 --- [restartedMain] j.LocalContainerEntityManagerFactoryBean : Closing JPA EntityManagerFactory for persistence unit 'default'
2021-01-21 08:59:03.306  INFO 7732 --- [restartedMain] com.zaxxer.hikari.HikariDataSource       : HikariPool-1 - Shutdown initiated...
2021-01-21 08:59:03.691  INFO 7732 --- [restartedMain] com.zaxxer.hikari.HikariDataSource       : HikariPool-1 - Shutdown completed.
2021-01-21 08:59:03.692  INFO 7732 --- [restartedMain] com.zaxxer.hikari.HikariDataSource       : HikariPool-2 - Shutdown initiated...
2021-01-21 08:59:03.712  INFO 7732 --- [restartedMain] com.zaxxer.hikari.HikariDataSource       : HikariPool-2 - Shutdown completed.
2021-01-21 08:59:03.716  INFO 7732 --- [restartedMain] o.apache.catalina.core.StandardService   : Stopping service [Tomcat]
2021-01-21 08:59:03.737  INFO 7732 --- [restartedMain] ConditionEvaluationReportLoggingListener : 

Error starting ApplicationContext. To display the conditions report re-run your application with 'debug' enabled.
2021-01-21 08:59:03.761 ERROR 7732 --- [restartedMain] o.s.boot.SpringApplication               : Application run failed

org.springframework.beans.factory.BeanCreationException: Error creating bean with name 'countriesRepository' defined in com.example.demo.reposDev.CountriesRepository defined in @EnableJpaRepositories declared on DevDataSource: Invocation of init method failed; nested exception is java.lang.IllegalArgumentException: Not a managed type: class com.example.demo.dto.Countries
	at org.springframework.beans.factory.support.AbstractAutowireCapableBeanFactory.initializeBean(AbstractAutowireCapableBeanFactory.java:1788) ~[spring-beans-5.3.1.jar:5.3.1]
	at org.springframework.beans.factory.support.AbstractAutowireCapableBeanFactory.doCreateBean(AbstractAutowireCapableBeanFactory.java:609) ~[spring-beans-5.3.1.jar:5.3.1]
	at org.springframework.beans.factory.support.AbstractAutowireCapableBeanFactory.createBean(AbstractAutowireCapableBeanFactory.java:531) ~[spring-beans-5.3.1.jar:5.3.1]
	at org.springframework.beans.factory.support.AbstractBeanFactory.lambda$doGetBean$0(AbstractBeanFactory.java:335) ~[spring-beans-5.3.1.jar:5.3.1]
	at org.springframework.beans.factory.support.DefaultSingletonBeanRegistry.getSingleton(DefaultSingletonBeanRegistry.java:234) ~[spring-beans-5.3.1.jar:5.3.1]
	at org.springframework.beans.factory.support.AbstractBeanFactory.doGetBean(AbstractBeanFactory.java:333) ~[spring-beans-5.3.1.jar:5.3.1]
	at org.springframework.beans.factory.support.AbstractBeanFactory.getBean(AbstractBeanFactory.java:208) ~[spring-beans-5.3.1.jar:5.3.1]
	at org.springframework.beans.factory.support.DefaultListableBeanFactory.preInstantiateSingletons(DefaultListableBeanFactory.java:925) ~[spring-beans-5.3.1.jar:5.3.1]
	at org.springframework.context.support.AbstractApplicationContext.finishBeanFactoryInitialization(AbstractApplicationContext.java:925) ~[spring-context-5.3.1.jar:5.3.1]
	at org.springframework.context.support.AbstractApplicationContext.refresh(AbstractApplicationContext.java:588) ~[spring-context-5.3.1.jar:5.3.1]
	at org.springframework.boot.web.servlet.context.ServletWebServerApplicationContext.refresh(ServletWebServerApplicationContext.java:144) ~[spring-boot-2.4.0.jar:2.4.0]
	at org.springframework.boot.SpringApplication.refresh(SpringApplication.java:767) ~[spring-boot-2.4.0.jar:2.4.0]
	at org.springframework.boot.SpringApplication.refresh(SpringApplication.java:759) ~[spring-boot-2.4.0.jar:2.4.0]
	at org.springframework.boot.SpringApplication.refreshContext(SpringApplication.java:426) ~[spring-boot-2.4.0.jar:2.4.0]
	at org.springframework.boot.SpringApplication.run(SpringApplication.java:326) ~[spring-boot-2.4.0.jar:2.4.0]
	at org.springframework.boot.SpringApplication.run(SpringApplication.java:1309) ~[spring-boot-2.4.0.jar:2.4.0]
	at org.springframework.boot.SpringApplication.run(SpringApplication.java:1298) ~[spring-boot-2.4.0.jar:2.4.0]
	at com.example.demo.OracleApplication.main(OracleApplication.java:34) ~[main/:na]
	at java.base/jdk.internal.reflect.NativeMethodAccessorImpl.invoke0(Native Method) ~[na:na]
	at java.base/jdk.internal.reflect.NativeMethodAccessorImpl.invoke(NativeMethodAccessorImpl.java:62) ~[na:na]
	at java.base/jdk.internal.reflect.DelegatingMethodAccessorImpl.invoke(DelegatingMethodAccessorImpl.java:43) ~[na:na]
	at java.base/java.lang.reflect.Method.invoke(Method.java:566) ~[na:na]
	at org.springframework.boot.devtools.restart.RestartLauncher.run(RestartLauncher.java:49) ~[spring-boot-devtools-2.4.0.jar:2.4.0]
Caused by: java.lang.IllegalArgumentException: Not a managed type: class com.example.demo.dto.Countries
	at org.hibernate.metamodel.internal.MetamodelImpl.managedType(MetamodelImpl.java:582) ~[hibernate-core-5.4.23.Final.jar:5.4.23.Final]
	at org.hibernate.metamodel.internal.MetamodelImpl.managedType(MetamodelImpl.java:85) ~[hibernate-core-5.4.23.Final.jar:5.4.23.Final]
	at org.springframework.data.jpa.repository.support.JpaMetamodelEntityInformation.<init>(JpaMetamodelEntityInformation.java:75) ~[spring-data-jpa-2.4.1.jar:2.4.1]
	at org.springframework.data.jpa.repository.support.JpaEntityInformationSupport.getEntityInformation(JpaEntityInformationSupport.java:66) ~[spring-data-jpa-2.4.1.jar:2.4.1]
	at org.springframework.data.jpa.repository.support.JpaRepositoryFactory.getEntityInformation(JpaRepositoryFactory.java:229) ~[spring-data-jpa-2.4.1.jar:2.4.1]
	at org.springframework.data.jpa.repository.support.JpaRepositoryFactory.getTargetRepository(JpaRepositoryFactory.java:179) ~[spring-data-jpa-2.4.1.jar:2.4.1]
	at org.springframework.data.jpa.repository.support.JpaRepositoryFactory.getTargetRepository(JpaRepositoryFactory.java:162) ~[spring-data-jpa-2.4.1.jar:2.4.1]
	at org.springframework.data.jpa.repository.support.JpaRepositoryFactory.getTargetRepository(JpaRepositoryFactory.java:72) ~[spring-data-jpa-2.4.1.jar:2.4.1]
	at org.springframework.data.repository.core.support.RepositoryFactorySupport.getRepository(RepositoryFactorySupport.java:281) ~[spring-data-commons-2.4.1.jar:2.4.1]
	at org.springframework.data.repository.core.support.RepositoryFactoryBeanSupport.lambda$afterPropertiesSet$6(RepositoryFactoryBeanSupport.java:326) ~[spring-data-commons-2.4.1.jar:2.4.1]
	at org.springframework.data.util.Lazy.getNullable(Lazy.java:230) ~[spring-data-commons-2.4.1.jar:2.4.1]
	at org.springframework.data.util.Lazy.get(Lazy.java:114) ~[spring-data-commons-2.4.1.jar:2.4.1]
	at org.springframework.data.repository.core.support.RepositoryFactoryBeanSupport.afterPropertiesSet(RepositoryFactoryBeanSupport.java:329) ~[spring-data-commons-2.4.1.jar:2.4.1]
	at org.springframework.data.jpa.repository.support.JpaRepositoryFactoryBean.afterPropertiesSet(JpaRepositoryFactoryBean.java:144) ~[spring-data-jpa-2.4.1.jar:2.4.1]
	at org.springframework.beans.factory.support.AbstractAutowireCapableBeanFactory.invokeInitMethods(AbstractAutowireCapableBeanFactory.java:1847) ~[spring-beans-5.3.1.jar:5.3.1]
	at org.springframework.beans.factory.support.AbstractAutowireCapableBeanFactory.initializeBean(AbstractAutowireCapableBeanFactory.java:1784) ~[spring-beans-5.3.1.jar:5.3.1]
	... 22 common frames omitted

2021-01-21 09:01:28.144  INFO 4404 --- [restartedMain] com.example.demo.OracleApplication       : Starting OracleApplication using Java 11.0.1 on DESKTOP-JJG7BGH with PID 4404 (D:\Workspace\IntelliJWork\SpringRestOracleDemo\build\classes\java\main started by Hari in D:\Workspace\IntelliJWork\SpringRestOracleDemo)
2021-01-21 09:01:28.147  INFO 4404 --- [restartedMain] com.example.demo.OracleApplication       : No active profile set, falling back to default profiles: default
2021-01-21 09:01:28.209  INFO 4404 --- [restartedMain] o.s.b.devtools.restart.ChangeableUrls    : The Class-Path manifest attribute in E:\Softwares\Build\gradle-6.6.1\caches\modules-2\files-2.1\com.oracle.database.jdbc\ojdbc8\19.8.0.0\df9cff9b91c47d06b9a0482d566ee2d83a03e586\ojdbc8-19.8.0.0.jar referenced one or more files that do not exist: file:/E:/Softwares/Build/gradle-6.6.1/caches/modules-2/files-2.1/com.oracle.database.jdbc/ojdbc8/19.8.0.0/df9cff9b91c47d06b9a0482d566ee2d83a03e586/oraclepki.jar
2021-01-21 09:01:28.210  INFO 4404 --- [restartedMain] .e.DevToolsPropertyDefaultsPostProcessor : Devtools property defaults active! Set 'spring.devtools.add-properties' to 'false' to disable
2021-01-21 09:01:28.210  INFO 4404 --- [restartedMain] .e.DevToolsPropertyDefaultsPostProcessor : For additional web related logging consider setting the 'logging.level.web' property to 'DEBUG'
2021-01-21 09:01:29.368  INFO 4404 --- [restartedMain] .s.d.r.c.RepositoryConfigurationDelegate : Bootstrapping Spring Data JPA repositories in DEFAULT mode.
2021-01-21 09:01:29.417  INFO 4404 --- [restartedMain] .s.d.r.c.RepositoryConfigurationDelegate : Finished Spring Data repository scanning in 40 ms. Found 1 JPA repository interfaces.
2021-01-21 09:01:29.417  INFO 4404 --- [restartedMain] .s.d.r.c.RepositoryConfigurationDelegate : Bootstrapping Spring Data JPA repositories in DEFAULT mode.
2021-01-21 09:01:29.450  INFO 4404 --- [restartedMain] .s.d.r.c.RepositoryConfigurationDelegate : Finished Spring Data repository scanning in 32 ms. Found 10 JPA repository interfaces.
2021-01-21 09:01:30.068  INFO 4404 --- [restartedMain] o.s.cloud.context.scope.GenericScope     : BeanFactory id=378ab129-2bbb-3a68-8615-03fc081a32d0
2021-01-21 09:01:31.235  INFO 4404 --- [restartedMain] o.s.b.w.embedded.tomcat.TomcatWebServer  : Tomcat initialized with port(s): 8081 (http)
2021-01-21 09:01:31.245  INFO 4404 --- [restartedMain] o.apache.catalina.core.StandardService   : Starting service [Tomcat]
2021-01-21 09:01:31.245  INFO 4404 --- [restartedMain] org.apache.catalina.core.StandardEngine  : Starting Servlet engine: [Apache Tomcat/9.0.39]
2021-01-21 09:01:31.347  INFO 4404 --- [restartedMain] o.a.c.c.C.[Tomcat].[localhost].[/]       : Initializing Spring embedded WebApplicationContext
2021-01-21 09:01:31.347  INFO 4404 --- [restartedMain] w.s.c.ServletWebServerApplicationContext : Root WebApplicationContext: initialization completed in 3136 ms
2021-01-21 09:01:31.825  INFO 4404 --- [restartedMain] o.hibernate.jpa.internal.util.LogHelper  : HHH000204: Processing PersistenceUnitInfo [name: default]
2021-01-21 09:01:31.890  INFO 4404 --- [restartedMain] org.hibernate.Version                    : HHH000412: Hibernate ORM core version 5.4.23.Final
2021-01-21 09:01:32.042  INFO 4404 --- [restartedMain] o.hibernate.annotations.common.Version   : HCANN000001: Hibernate Commons Annotations {5.1.2.Final}
2021-01-21 09:01:32.260  INFO 4404 --- [restartedMain] com.zaxxer.hikari.HikariDataSource       : HikariPool-1 - Starting...
2021-01-21 09:01:32.265  WARN 4404 --- [restartedMain] com.zaxxer.hikari.util.DriverDataSource  : Registered driver with driverClassName=oracle.jdbc.driver.OracleDriver was not found, trying direct instantiation.
2021-01-21 09:01:32.587  INFO 4404 --- [restartedMain] com.zaxxer.hikari.HikariDataSource       : HikariPool-1 - Start completed.
2021-01-21 09:01:32.607  INFO 4404 --- [restartedMain] org.hibernate.dialect.Dialect            : HHH000400: Using dialect: org.hibernate.dialect.Oracle12cDialect
2021-01-21 09:02:26.006  INFO 4404 --- [restartedMain] o.h.e.t.j.p.i.JtaPlatformInitiator       : HHH000490: Using JtaPlatform implementation: [org.hibernate.engine.transaction.jta.platform.internal.NoJtaPlatform]
2021-01-21 09:02:26.014  INFO 4404 --- [restartedMain] j.LocalContainerEntityManagerFactoryBean : Initialized JPA EntityManagerFactory for persistence unit 'default'
2021-01-21 09:02:26.041  INFO 4404 --- [restartedMain] o.s.b.d.a.OptionalLiveReloadServer       : LiveReload server is running on port 35729
2021-01-21 09:02:26.046  INFO 4404 --- [restartedMain] o.hibernate.jpa.internal.util.LogHelper  : HHH000204: Processing PersistenceUnitInfo [name: default]
2021-01-21 09:02:26.077  INFO 4404 --- [restartedMain] com.zaxxer.hikari.HikariDataSource       : HikariPool-2 - Starting...
2021-01-21 09:02:26.077  WARN 4404 --- [restartedMain] com.zaxxer.hikari.util.DriverDataSource  : Registered driver with driverClassName=oracle.jdbc.driver.OracleDriver was not found, trying direct instantiation.
2021-01-21 09:02:26.219  INFO 4404 --- [restartedMain] com.zaxxer.hikari.HikariDataSource       : HikariPool-2 - Start completed.
2021-01-21 09:02:26.220  INFO 4404 --- [restartedMain] org.hibernate.dialect.Dialect            : HHH000400: Using dialect: org.hibernate.dialect.Oracle12cDialect
2021-01-21 09:03:18.486  INFO 4404 --- [restartedMain] o.h.e.t.j.p.i.JtaPlatformInitiator       : HHH000490: Using JtaPlatform implementation: [org.hibernate.engine.transaction.jta.platform.internal.NoJtaPlatform]
2021-01-21 09:03:18.486  INFO 4404 --- [restartedMain] j.LocalContainerEntityManagerFactoryBean : Initialized JPA EntityManagerFactory for persistence unit 'default'
2021-01-21 09:03:19.730  WARN 4404 --- [restartedMain] JpaBaseConfiguration$JpaWebConfiguration : spring.jpa.open-in-view is enabled by default. Therefore, database queries may be performed during view rendering. Explicitly configure spring.jpa.open-in-view to disable this warning
2021-01-21 09:03:19.995  INFO 4404 --- [restartedMain] o.s.b.a.e.web.EndpointLinksResolver      : Exposing 2 endpoint(s) beneath base path '/actuator'
2021-01-21 09:03:20.074  INFO 4404 --- [restartedMain] o.s.s.concurrent.ThreadPoolTaskExecutor  : Initializing ExecutorService
2021-01-21 09:03:20.076  INFO 4404 --- [restartedMain] o.s.s.concurrent.ThreadPoolTaskExecutor  : Initializing ExecutorService 'asyncExecutor'
2021-01-21 09:03:20.105  INFO 4404 --- [restartedMain] pertySourcedRequestMappingHandlerMapping : Mapped URL path [/v2/api-docs] onto method [springfox.documentation.swagger2.web.Swagger2Controller#getDocumentation(String, HttpServletRequest)]
2021-01-21 09:03:20.967  INFO 4404 --- [restartedMain] o.s.b.w.embedded.tomcat.TomcatWebServer  : Tomcat started on port(s): 8081 (http) with context path ''
2021-01-21 09:03:21.279  INFO 4404 --- [restartedMain] d.s.w.p.DocumentationPluginsBootstrapper : Context refreshed
2021-01-21 09:03:21.298  INFO 4404 --- [restartedMain] d.s.w.p.DocumentationPluginsBootstrapper : Found 1 custom documentation plugin(s)
2021-01-21 09:03:21.332  INFO 4404 --- [restartedMain] s.d.s.w.s.ApiListingReferenceScanner     : Scanning for api listing references
2021-01-21 09:03:21.492  WARN 4404 --- [restartedMain] s.d.s.w.r.p.ParameterDataTypeReader      : Trying to infer dataType org.springframework.ui.ModelMap
2021-01-21 09:03:21.528  WARN 4404 --- [restartedMain] s.d.s.w.r.p.ParameterDataTypeReader      : Trying to infer dataType org.springframework.ui.ModelMap
2021-01-21 09:03:21.531  INFO 4404 --- [restartedMain] .d.s.w.r.o.CachingOperationNameGenerator : Generating unique operation named: getAllCountriesUsingGET_1
2021-01-21 09:03:21.573  INFO 4404 --- [restartedMain] .d.s.w.r.o.CachingOperationNameGenerator : Generating unique operation named: getAllCropInsuranceUsingGET_1
2021-01-21 09:03:21.576  INFO 4404 --- [restartedMain] .d.s.w.r.o.CachingOperationNameGenerator : Generating unique operation named: getByMandalUsingGET_1
2021-01-21 09:03:21.677  INFO 4404 --- [restartedMain] .d.s.w.r.o.CachingOperationNameGenerator : Generating unique operation named: getCountriesUsingGET_1
2021-01-21 09:03:21.707  INFO 4404 --- [restartedMain] .d.s.w.r.o.CachingOperationNameGenerator : Generating unique operation named: helloWorldUsingGET_1
2021-01-21 09:03:21.725  INFO 4404 --- [restartedMain] .d.s.w.r.o.CachingOperationNameGenerator : Generating unique operation named: handleUsingGET_1
2021-01-21 09:03:21.728  INFO 4404 --- [restartedMain] .d.s.w.r.o.CachingOperationNameGenerator : Generating unique operation named: handleUsingGET_2
2021-01-21 09:03:21.732  INFO 4404 --- [restartedMain] .d.s.w.r.o.CachingOperationNameGenerator : Generating unique operation named: getAllEmployeesUsingGET_1
2021-01-21 09:03:21.759  INFO 4404 --- [restartedMain] .d.s.w.r.o.CachingOperationNameGenerator : Generating unique operation named: getCountryCurrencyUsingGET_1
2021-01-21 09:03:21.772  INFO 4404 --- [restartedMain] .d.s.w.r.o.CachingOperationNameGenerator : Generating unique operation named: findByClaimAmountGreaterThanEqualUsingGET_1
2021-01-21 09:03:21.802  INFO 4404 --- [restartedMain] .d.s.w.r.o.CachingOperationNameGenerator : Generating unique operation named: getAllCropInsuranceUsingGET_2
2021-01-21 09:03:21.804  INFO 4404 --- [restartedMain] .d.s.w.r.o.CachingOperationNameGenerator : Generating unique operation named: getByMandalUsingGET_2
2021-01-21 09:03:21.808  INFO 4404 --- [restartedMain] .d.s.w.r.o.CachingOperationNameGenerator : Generating unique operation named: getAllEmployeesUsingGET_2
2021-01-21 09:03:21.860  INFO 4404 --- [restartedMain] com.example.demo.OracleApplication       : Started OracleApplication in 114.524 seconds (JVM running for 115.145)
2021-01-21 09:03:21.868  INFO 4404 --- [restartedMain] com.example.demo.OracleApplication       : =====================Logging Start====================================
2021-01-21 09:03:21.869  INFO 4404 --- [restartedMain] com.example.demo.OracleApplication       : JAVA_HOME==
2021-01-21 09:03:21.869  INFO 4404 --- [restartedMain] com.example.demo.OracleApplication       : app.name==
2021-01-21 09:03:21.869  INFO 4404 --- [restartedMain] com.example.demo.OracleApplication       : local.server.port==:
2021-01-21 09:03:21.870  INFO 4404 --- [restartedMain] com.example.demo.OracleApplication       : getHostAddress==192.168.56.1
2021-01-21 09:03:21.871  INFO 4404 --- [restartedMain] com.example.demo.OracleApplication       : getHostName==DESKTOP-JJG7BGH
2021-01-21 09:03:21.871  INFO 4404 --- [restartedMain] com.example.demo.OracleApplication       : ======================Logging End======================================
2021-01-21 09:03:21.872  INFO 4404 --- [restartedMain] com.example.demo.OracleApplication       : getHostAddress==192.168.56.1
2021-01-21 09:03:21.873  INFO 4404 --- [restartedMain] com.example.demo.OracleApplication       : getHostName==DESKTOP-JJG7BGH
