2021-01-14 08:20:14.985  INFO 8408 --- [restartedMain] com.example.demo.OracleApplication       : Starting OracleApplication using Java 11.0.1 on DESKTOP-JJG7BGH with PID 8408 (D:\Workspace\IntelliJWork\SpringRestOracleDemo\build\classes\java\main started by Hari in D:\Workspace\IntelliJWork\SpringRestOracleDemo)
2021-01-14 08:20:14.994  INFO 8408 --- [restartedMain] com.example.demo.OracleApplication       : No active profile set, falling back to default profiles: default
2021-01-14 08:20:15.075  INFO 8408 --- [restartedMain] o.s.b.devtools.restart.ChangeableUrls    : The Class-Path manifest attribute in E:\Softwares\Build\gradle-6.6.1\caches\modules-2\files-2.1\com.oracle.database.jdbc\ojdbc8\19.8.0.0\df9cff9b91c47d06b9a0482d566ee2d83a03e586\ojdbc8-19.8.0.0.jar referenced one or more files that do not exist: file:/E:/Softwares/Build/gradle-6.6.1/caches/modules-2/files-2.1/com.oracle.database.jdbc/ojdbc8/19.8.0.0/df9cff9b91c47d06b9a0482d566ee2d83a03e586/oraclepki.jar
2021-01-14 08:20:15.076  INFO 8408 --- [restartedMain] .e.DevToolsPropertyDefaultsPostProcessor : Devtools property defaults active! Set 'spring.devtools.add-properties' to 'false' to disable
2021-01-14 08:20:15.077  INFO 8408 --- [restartedMain] .e.DevToolsPropertyDefaultsPostProcessor : For additional web related logging consider setting the 'logging.level.web' property to 'DEBUG'
2021-01-14 08:20:19.221  INFO 8408 --- [restartedMain] .s.d.r.c.RepositoryConfigurationDelegate : Bootstrapping Spring Data JPA repositories in DEFERRED mode.
2021-01-14 08:20:19.753  INFO 8408 --- [restartedMain] .s.d.r.c.RepositoryConfigurationDelegate : Finished Spring Data repository scanning in 508 ms. Found 8 JPA repository interfaces.
2021-01-14 08:20:20.418  INFO 8408 --- [restartedMain] o.s.cloud.context.scope.GenericScope     : BeanFactory id=c55aaa5b-e572-3e8e-ad56-dfa940011551
2021-01-14 08:20:23.026  INFO 8408 --- [restartedMain] o.s.b.w.embedded.tomcat.TomcatWebServer  : Tomcat initialized with port(s): 8081 (http)
2021-01-14 08:20:23.065  INFO 8408 --- [restartedMain] o.apache.catalina.core.StandardService   : Starting service [Tomcat]
2021-01-14 08:20:23.066  INFO 8408 --- [restartedMain] org.apache.catalina.core.StandardEngine  : Starting Servlet engine: [Apache Tomcat/9.0.39]
2021-01-14 08:20:23.955  INFO 8408 --- [restartedMain] o.a.c.c.C.[Tomcat].[localhost].[/]       : Initializing Spring embedded WebApplicationContext
2021-01-14 08:20:23.956  INFO 8408 --- [restartedMain] w.s.c.ServletWebServerApplicationContext : Root WebApplicationContext: initialization completed in 8878 ms
2021-01-14 08:20:24.647  INFO 8408 --- [restartedMain] o.hibernate.jpa.internal.util.LogHelper  : HHH000204: Processing PersistenceUnitInfo [name: default]
2021-01-14 08:20:24.746  INFO 8408 --- [restartedMain] org.hibernate.Version                    : HHH000412: Hibernate ORM core version 5.4.23.Final
2021-01-14 08:20:24.951  INFO 8408 --- [restartedMain] o.hibernate.annotations.common.Version   : HCANN000001: Hibernate Commons Annotations {5.1.2.Final}
2021-01-14 08:20:26.852  INFO 8408 --- [restartedMain] com.zaxxer.hikari.HikariDataSource       : HikariPool-1 - Starting...
2021-01-14 08:20:26.856  WARN 8408 --- [restartedMain] com.zaxxer.hikari.util.DriverDataSource  : Registered driver with driverClassName=oracle.jdbc.driver.OracleDriver was not found, trying direct instantiation.
2021-01-14 08:20:28.068  INFO 8408 --- [restartedMain] com.zaxxer.hikari.HikariDataSource       : HikariPool-1 - Start completed.
2021-01-14 08:20:28.521  INFO 8408 --- [restartedMain] org.hibernate.dialect.Dialect            : HHH000400: Using dialect: org.hibernate.dialect.Oracle12cDialect
2021-01-14 08:21:21.269  INFO 8408 --- [restartedMain] o.h.e.t.j.p.i.JtaPlatformInitiator       : HHH000490: Using JtaPlatform implementation: [org.hibernate.engine.transaction.jta.platform.internal.NoJtaPlatform]
2021-01-14 08:21:21.320  INFO 8408 --- [restartedMain] j.LocalContainerEntityManagerFactoryBean : Initialized JPA EntityManagerFactory for persistence unit 'default'
2021-01-14 08:21:21.396  INFO 8408 --- [restartedMain] o.s.b.d.a.OptionalLiveReloadServer       : LiveReload server is running on port 35729
2021-01-14 08:21:22.828  WARN 8408 --- [restartedMain] JpaBaseConfiguration$JpaWebConfiguration : spring.jpa.open-in-view is enabled by default. Therefore, database queries may be performed during view rendering. Explicitly configure spring.jpa.open-in-view to disable this warning
2021-01-14 08:21:23.774  INFO 8408 --- [restartedMain] o.s.b.a.e.web.EndpointLinksResolver      : Exposing 2 endpoint(s) beneath base path '/actuator'
2021-01-14 08:21:24.014  INFO 8408 --- [restartedMain] o.s.s.concurrent.ThreadPoolTaskExecutor  : Initializing ExecutorService
2021-01-14 08:21:24.015  INFO 8408 --- [restartedMain] o.s.s.concurrent.ThreadPoolTaskExecutor  : Initializing ExecutorService 'asyncExecutor'
2021-01-14 08:21:24.070  INFO 8408 --- [restartedMain] pertySourcedRequestMappingHandlerMapping : Mapped URL path [/v2/api-docs] onto method [springfox.documentation.swagger2.web.Swagger2Controller#getDocumentation(String, HttpServletRequest)]
2021-01-14 08:21:26.248  INFO 8408 --- [restartedMain] o.s.b.w.embedded.tomcat.TomcatWebServer  : Tomcat started on port(s): 8081 (http) with context path ''
2021-01-14 08:21:26.963  INFO 8408 --- [restartedMain] d.s.w.p.DocumentationPluginsBootstrapper : Context refreshed
2021-01-14 08:21:26.996  INFO 8408 --- [restartedMain] d.s.w.p.DocumentationPluginsBootstrapper : Found 1 custom documentation plugin(s)
2021-01-14 08:21:27.075  INFO 8408 --- [restartedMain] s.d.s.w.s.ApiListingReferenceScanner     : Scanning for api listing references
2021-01-14 08:21:27.257  WARN 8408 --- [restartedMain] s.d.s.w.r.p.ParameterDataTypeReader      : Trying to infer dataType org.springframework.ui.ModelMap
2021-01-14 08:21:27.262  WARN 8408 --- [restartedMain] s.d.s.w.r.p.ParameterDataTypeReader      : Trying to infer dataType org.springframework.ui.ModelMap
2021-01-14 08:21:27.266  INFO 8408 --- [restartedMain] .d.s.w.r.o.CachingOperationNameGenerator : Generating unique operation named: getAllCountriesUsingGET_1
2021-01-14 08:21:27.301  INFO 8408 --- [restartedMain] .d.s.w.r.o.CachingOperationNameGenerator : Generating unique operation named: getAllCropInsuranceUsingGET_1
2021-01-14 08:21:27.402  INFO 8408 --- [restartedMain] .d.s.w.r.o.CachingOperationNameGenerator : Generating unique operation named: getCountriesUsingGET_1
2021-01-14 08:21:27.431  INFO 8408 --- [restartedMain] .d.s.w.r.o.CachingOperationNameGenerator : Generating unique operation named: helloWorldUsingGET_1
2021-01-14 08:21:27.450  INFO 8408 --- [restartedMain] .d.s.w.r.o.CachingOperationNameGenerator : Generating unique operation named: handleUsingGET_1
2021-01-14 08:21:27.452  INFO 8408 --- [restartedMain] .d.s.w.r.o.CachingOperationNameGenerator : Generating unique operation named: handleUsingGET_2
2021-01-14 08:21:27.457  INFO 8408 --- [restartedMain] .d.s.w.r.o.CachingOperationNameGenerator : Generating unique operation named: getAllEmployeesUsingGET_1
2021-01-14 08:21:27.479  INFO 8408 --- [restartedMain] .d.s.w.r.o.CachingOperationNameGenerator : Generating unique operation named: getCountryCurrencyUsingGET_1
2021-01-14 08:21:27.494  INFO 8408 --- [restartedMain] .d.s.w.r.o.CachingOperationNameGenerator : Generating unique operation named: findByClaimAmountGreaterThanEqualUsingGET_1
2021-01-14 08:21:27.527  INFO 8408 --- [restartedMain] .d.s.w.r.o.CachingOperationNameGenerator : Generating unique operation named: getAllCropInsuranceUsingGET_2
2021-01-14 08:21:27.530  INFO 8408 --- [restartedMain] .d.s.w.r.o.CachingOperationNameGenerator : Generating unique operation named: getByMandalUsingGET_1
2021-01-14 08:21:27.537  INFO 8408 --- [restartedMain] .d.s.w.r.o.CachingOperationNameGenerator : Generating unique operation named: getAllEmployeesUsingGET_2
2021-01-14 08:21:27.581  INFO 8408 --- [restartedMain] DeferredRepositoryInitializationListener : Triggering deferred initialization of Spring Data repositories…
2021-01-14 08:21:28.678  INFO 8408 --- [restartedMain] DeferredRepositoryInitializationListener : Spring Data repositories initialized!
2021-01-14 08:21:28.694  INFO 8408 --- [restartedMain] com.example.demo.OracleApplication       : Started OracleApplication in 76.313 seconds (JVM running for 78.848)
2021-01-14 08:21:30.559  INFO 8408 --- [http-nio-8081-exec-1] o.a.c.c.C.[Tomcat].[localhost].[/]       : Initializing Spring DispatcherServlet 'dispatcherServlet'
2021-01-14 08:21:30.561  INFO 8408 --- [http-nio-8081-exec-1] o.s.web.servlet.DispatcherServlet        : Initializing Servlet 'dispatcherServlet'
2021-01-14 08:21:30.564  INFO 8408 --- [http-nio-8081-exec-1] o.s.web.servlet.DispatcherServlet        : Completed initialization in 3 ms
2021-01-14 08:21:30.657  INFO 8408 --- [http-nio-8081-exec-1] com.example.demo.intercept.ApiLogger     : preHandle()===Request URL::http://localhost:8081/swagger-ui.html:: Start Time=1610641290644
2021-01-14 08:21:30.658  INFO 8408 --- [http-nio-8081-exec-1] com.example.demo.intercept.ApiLogger     : requestId e53b791d-8cfc-4308-b0a1-bdd23986630f, host localhost:8081  HttpMethod: GET, URI : /swagger-ui.html
2021-01-14 08:21:30.731  INFO 8408 --- [http-nio-8081-exec-1] com.example.demo.intercept.ApiLogger     : requestId e53b791d-8cfc-4308-b0a1-bdd23986630f, Handle :ResourceHttpRequestHandler ["classpath:/META-INF/resources/", "classpath:/resources/", "classpath:/static/", "classpath:/public/", "/"] , request take time: 68===Status:=200
2021-01-14 08:21:30.763  INFO 8408 --- [http-nio-8081-exec-2] com.example.demo.intercept.ApiLogger     : preHandle()===Request URL::http://localhost:8081/webjars/springfox-swagger-ui/springfox.css:: Start Time=1610641290763
2021-01-14 08:21:30.763  INFO 8408 --- [http-nio-8081-exec-2] com.example.demo.intercept.ApiLogger     : requestId da122d8b-0049-4810-b7b2-ec6b1f4ee37d, host localhost:8081  HttpMethod: GET, URI : /webjars/springfox-swagger-ui/springfox.css
2021-01-14 08:21:30.764  INFO 8408 --- [http-nio-8081-exec-4] com.example.demo.intercept.ApiLogger     : preHandle()===Request URL::http://localhost:8081/webjars/springfox-swagger-ui/swagger-ui-bundle.js:: Start Time=1610641290764
2021-01-14 08:21:30.765  INFO 8408 --- [http-nio-8081-exec-4] com.example.demo.intercept.ApiLogger     : requestId 0b070145-bcc0-4202-a5dc-8026a4047cac, host localhost:8081  HttpMethod: GET, URI : /webjars/springfox-swagger-ui/swagger-ui-bundle.js
2021-01-14 08:21:30.770  INFO 8408 --- [http-nio-8081-exec-3] com.example.demo.intercept.ApiLogger     : preHandle()===Request URL::http://localhost:8081/webjars/springfox-swagger-ui/swagger-ui.css:: Start Time=1610641290770
2021-01-14 08:21:30.770  INFO 8408 --- [http-nio-8081-exec-3] com.example.demo.intercept.ApiLogger     : requestId bccac463-0e62-40d4-b571-41ce3a1e1208, host localhost:8081  HttpMethod: GET, URI : /webjars/springfox-swagger-ui/swagger-ui.css
2021-01-14 08:21:30.773  INFO 8408 --- [http-nio-8081-exec-2] com.example.demo.intercept.ApiLogger     : requestId da122d8b-0049-4810-b7b2-ec6b1f4ee37d, Handle :ResourceHttpRequestHandler ["classpath:/META-INF/resources/webjars/"] , request take time: 9===Status:=200
2021-01-14 08:21:30.782  INFO 8408 --- [http-nio-8081-exec-5] com.example.demo.intercept.ApiLogger     : preHandle()===Request URL::http://localhost:8081/webjars/springfox-swagger-ui/swagger-ui-standalone-preset.js:: Start Time=1610641290782
2021-01-14 08:21:30.782  INFO 8408 --- [http-nio-8081-exec-5] com.example.demo.intercept.ApiLogger     : requestId beca617c-a142-4184-9057-46d881418b1a, host localhost:8081  HttpMethod: GET, URI : /webjars/springfox-swagger-ui/swagger-ui-standalone-preset.js
2021-01-14 08:21:30.959  INFO 8408 --- [http-nio-8081-exec-3] com.example.demo.intercept.ApiLogger     : requestId bccac463-0e62-40d4-b571-41ce3a1e1208, Handle :ResourceHttpRequestHandler ["classpath:/META-INF/resources/webjars/"] , request take time: 189===Status:=200
2021-01-14 08:21:30.972  INFO 8408 --- [http-nio-8081-exec-6] com.example.demo.intercept.ApiLogger     : preHandle()===Request URL::http://localhost:8081/webjars/springfox-swagger-ui/springfox.js:: Start Time=1610641290971
2021-01-14 08:21:30.973  INFO 8408 --- [http-nio-8081-exec-6] com.example.demo.intercept.ApiLogger     : requestId ff9696d5-8f51-489e-85de-ccda17a65665, host localhost:8081  HttpMethod: GET, URI : /webjars/springfox-swagger-ui/springfox.js
2021-01-14 08:21:31.027  INFO 8408 --- [http-nio-8081-exec-5] com.example.demo.intercept.ApiLogger     : requestId beca617c-a142-4184-9057-46d881418b1a, Handle :ResourceHttpRequestHandler ["classpath:/META-INF/resources/webjars/"] , request take time: 245===Status:=200
2021-01-14 08:21:31.034  INFO 8408 --- [http-nio-8081-exec-6] com.example.demo.intercept.ApiLogger     : requestId ff9696d5-8f51-489e-85de-ccda17a65665, Handle :ResourceHttpRequestHandler ["classpath:/META-INF/resources/webjars/"] , request take time: 60===Status:=200
2021-01-14 08:21:31.054  INFO 8408 --- [http-nio-8081-exec-4] com.example.demo.intercept.ApiLogger     : requestId 0b070145-bcc0-4202-a5dc-8026a4047cac, Handle :ResourceHttpRequestHandler ["classpath:/META-INF/resources/webjars/"] , request take time: 289===Status:=200
2021-01-14 08:21:31.431  INFO 8408 --- [http-nio-8081-exec-7] com.example.demo.intercept.ApiLogger     : preHandle()===Request URL::http://localhost:8081/swagger-resources/configuration/ui:: Start Time=1610641291431
2021-01-14 08:21:31.431  INFO 8408 --- [http-nio-8081-exec-7] com.example.demo.intercept.ApiLogger     : requestId 8de560bd-a29e-4c83-8785-1477d8ef86a9, host localhost:8081  HttpMethod: GET, URI : /swagger-resources/configuration/ui
2021-01-14 08:21:31.433  INFO 8408 --- [http-nio-8081-exec-8] com.example.demo.intercept.ApiLogger     : preHandle()===Request URL::http://localhost:8081/webjars/springfox-swagger-ui/favicon-32x32.png:: Start Time=1610641291433
2021-01-14 08:21:31.433  INFO 8408 --- [http-nio-8081-exec-8] com.example.demo.intercept.ApiLogger     : requestId 01a92063-97de-4567-8cdd-182aeb616831, host localhost:8081  HttpMethod: GET, URI : /webjars/springfox-swagger-ui/favicon-32x32.png
2021-01-14 08:21:31.437  INFO 8408 --- [http-nio-8081-exec-8] com.example.demo.intercept.ApiLogger     : requestId 01a92063-97de-4567-8cdd-182aeb616831, Handle :ResourceHttpRequestHandler ["classpath:/META-INF/resources/webjars/"] , request take time: 3===Status:=200
2021-01-14 08:21:31.641  INFO 8408 --- [http-nio-8081-exec-7] com.example.demo.intercept.ApiLogger     : requestId 8de560bd-a29e-4c83-8785-1477d8ef86a9, Handle :springfox.documentation.swagger.web.ApiResourceController#uiConfiguration() , request take time: 210===Status:=200
2021-01-14 08:21:31.646  INFO 8408 --- [http-nio-8081-exec-9] com.example.demo.intercept.ApiLogger     : preHandle()===Request URL::http://localhost:8081/swagger-resources/configuration/security:: Start Time=1610641291646
2021-01-14 08:21:31.646  INFO 8408 --- [http-nio-8081-exec-9] com.example.demo.intercept.ApiLogger     : requestId 64985413-8c4b-4cea-b43e-89f5a192f48f, host localhost:8081  HttpMethod: GET, URI : /swagger-resources/configuration/security
2021-01-14 08:21:31.652  INFO 8408 --- [http-nio-8081-exec-9] com.example.demo.intercept.ApiLogger     : requestId 64985413-8c4b-4cea-b43e-89f5a192f48f, Handle :springfox.documentation.swagger.web.ApiResourceController#securityConfiguration() , request take time: 6===Status:=200
2021-01-14 08:21:31.659  INFO 8408 --- [http-nio-8081-exec-10] com.example.demo.intercept.ApiLogger     : preHandle()===Request URL::http://localhost:8081/swagger-resources:: Start Time=1610641291659
2021-01-14 08:21:31.659  INFO 8408 --- [http-nio-8081-exec-10] com.example.demo.intercept.ApiLogger     : requestId ec438268-80d0-4043-bc1f-32c35c016ed1, host localhost:8081  HttpMethod: GET, URI : /swagger-resources
2021-01-14 08:21:31.663  INFO 8408 --- [http-nio-8081-exec-10] com.example.demo.intercept.ApiLogger     : requestId ec438268-80d0-4043-bc1f-32c35c016ed1, Handle :springfox.documentation.swagger.web.ApiResourceController#swaggerResources() , request take time: 4===Status:=200
2021-01-14 08:21:31.706  INFO 8408 --- [http-nio-8081-exec-2] com.example.demo.intercept.ApiLogger     : preHandle()===Request URL::http://localhost:8081/:: Start Time=1610641291706
2021-01-14 08:21:31.706  INFO 8408 --- [http-nio-8081-exec-2] com.example.demo.intercept.ApiLogger     : requestId a967466f-c56e-4ed7-8123-c0f8e7b800f5, host localhost:8081  HttpMethod: GET, URI : /
2021-01-14 08:21:31.707  INFO 8408 --- [http-nio-8081-exec-2] com.example.demo.intercept.ApiLogger     : requestId a967466f-c56e-4ed7-8123-c0f8e7b800f5, Handle :ResourceHttpRequestHandler ["classpath:/META-INF/resources/", "classpath:/resources/", "classpath:/static/", "classpath:/public/", "/"] , request take time: 1===Status:=404
2021-01-14 08:21:31.713  INFO 8408 --- [http-nio-8081-exec-2] com.example.demo.intercept.ApiLogger     : preHandle()===Request URL::http://localhost:8081/error:: Start Time=1610641291713
2021-01-14 08:21:31.713  INFO 8408 --- [http-nio-8081-exec-2] com.example.demo.intercept.ApiLogger     : requestId 3a9dd455-308f-4ed4-bbb1-34851d11157a, host localhost:8081  HttpMethod: GET, URI : /error
2021-01-14 08:21:31.726  INFO 8408 --- [http-nio-8081-exec-2] com.example.demo.intercept.ApiLogger     : requestId 3a9dd455-308f-4ed4-bbb1-34851d11157a, Handle :org.springframework.boot.autoconfigure.web.servlet.error.BasicErrorController#error(HttpServletRequest) , request take time: 13===Status:=404
2021-01-14 08:21:31.731  INFO 8408 --- [http-nio-8081-exec-3] com.example.demo.intercept.ApiLogger     : preHandle()===Request URL::http://localhost:8081/csrf:: Start Time=1610641291731
2021-01-14 08:21:31.731  INFO 8408 --- [http-nio-8081-exec-3] com.example.demo.intercept.ApiLogger     : requestId c62f3c63-b3fd-43ae-8e90-1ce028185a87, host localhost:8081  HttpMethod: GET, URI : /csrf
2021-01-14 08:21:31.752  INFO 8408 --- [http-nio-8081-exec-3] com.example.demo.intercept.ApiLogger     : requestId c62f3c63-b3fd-43ae-8e90-1ce028185a87, Handle :ResourceHttpRequestHandler ["classpath:/META-INF/resources/", "classpath:/resources/", "classpath:/static/", "classpath:/public/", "/"] , request take time: 21===Status:=404
2021-01-14 08:21:31.754  INFO 8408 --- [http-nio-8081-exec-3] com.example.demo.intercept.ApiLogger     : preHandle()===Request URL::http://localhost:8081/error:: Start Time=1610641291754
2021-01-14 08:21:31.755  INFO 8408 --- [http-nio-8081-exec-3] com.example.demo.intercept.ApiLogger     : requestId c66df1f5-917e-41d2-bd39-8294d55b996b, host localhost:8081  HttpMethod: GET, URI : /error
2021-01-14 08:21:31.757  INFO 8408 --- [http-nio-8081-exec-3] com.example.demo.intercept.ApiLogger     : requestId c66df1f5-917e-41d2-bd39-8294d55b996b, Handle :org.springframework.boot.autoconfigure.web.servlet.error.BasicErrorController#error(HttpServletRequest) , request take time: 1===Status:=404
2021-01-14 08:21:32.227  INFO 8408 --- [http-nio-8081-exec-5] com.example.demo.intercept.ApiLogger     : preHandle()===Request URL::http://localhost:8081/webjars/springfox-swagger-ui/fonts/titillium-web-v6-latin-700.woff2:: Start Time=1610641292227
2021-01-14 08:21:32.228  INFO 8408 --- [http-nio-8081-exec-5] com.example.demo.intercept.ApiLogger     : requestId 76d794b7-a6d5-401e-bc79-409c57b8745a, host localhost:8081  HttpMethod: GET, URI : /webjars/springfox-swagger-ui/fonts/titillium-web-v6-latin-700.woff2
2021-01-14 08:21:32.228  INFO 8408 --- [http-nio-8081-exec-6] com.example.demo.intercept.ApiLogger     : preHandle()===Request URL::http://localhost:8081/webjars/springfox-swagger-ui/fonts/open-sans-v15-latin-700.woff2:: Start Time=1610641292228
2021-01-14 08:21:32.228  INFO 8408 --- [http-nio-8081-exec-4] com.example.demo.intercept.ApiLogger     : preHandle()===Request URL::http://localhost:8081/webjars/springfox-swagger-ui/fonts/source-code-pro-v7-latin-300.woff2:: Start Time=1610641292228
2021-01-14 08:21:32.228  INFO 8408 --- [http-nio-8081-exec-6] com.example.demo.intercept.ApiLogger     : requestId cf2cd8e3-2d12-4bdb-8acf-280e05c047f3, host localhost:8081  HttpMethod: GET, URI : /webjars/springfox-swagger-ui/fonts/open-sans-v15-latin-700.woff2
2021-01-14 08:21:32.228  INFO 8408 --- [http-nio-8081-exec-4] com.example.demo.intercept.ApiLogger     : requestId 20322c39-978b-403b-b4b2-e761327e7a6b, host localhost:8081  HttpMethod: GET, URI : /webjars/springfox-swagger-ui/fonts/source-code-pro-v7-latin-300.woff2
2021-01-14 08:21:32.236  INFO 8408 --- [http-nio-8081-exec-4] com.example.demo.intercept.ApiLogger     : requestId 20322c39-978b-403b-b4b2-e761327e7a6b, Handle :ResourceHttpRequestHandler ["classpath:/META-INF/resources/webjars/"] , request take time: 8===Status:=200
2021-01-14 08:21:32.238  INFO 8408 --- [http-nio-8081-exec-6] com.example.demo.intercept.ApiLogger     : requestId cf2cd8e3-2d12-4bdb-8acf-280e05c047f3, Handle :ResourceHttpRequestHandler ["classpath:/META-INF/resources/webjars/"] , request take time: 10===Status:=200
2021-01-14 08:21:32.239  INFO 8408 --- [http-nio-8081-exec-5] com.example.demo.intercept.ApiLogger     : requestId 76d794b7-a6d5-401e-bc79-409c57b8745a, Handle :ResourceHttpRequestHandler ["classpath:/META-INF/resources/webjars/"] , request take time: 11===Status:=200
2021-01-14 08:21:32.258  INFO 8408 --- [http-nio-8081-exec-8] com.example.demo.intercept.ApiLogger     : preHandle()===Request URL::http://localhost:8081/webjars/springfox-swagger-ui/fonts/open-sans-v15-latin-regular.woff2:: Start Time=1610641292258
2021-01-14 08:21:32.258  INFO 8408 --- [http-nio-8081-exec-8] com.example.demo.intercept.ApiLogger     : requestId 1e3ba100-c584-4971-acdc-2b8fdda1788f, host localhost:8081  HttpMethod: GET, URI : /webjars/springfox-swagger-ui/fonts/open-sans-v15-latin-regular.woff2
2021-01-14 08:21:32.263  INFO 8408 --- [http-nio-8081-exec-8] com.example.demo.intercept.ApiLogger     : requestId 1e3ba100-c584-4971-acdc-2b8fdda1788f, Handle :ResourceHttpRequestHandler ["classpath:/META-INF/resources/webjars/"] , request take time: 5===Status:=200
2021-01-14 08:21:57.579  INFO 8408 --- [http-nio-8081-exec-7] com.example.demo.intercept.ApiLogger     : preHandle()===Request URL::http://localhost:8081/webjars/springfox-swagger-ui/fonts/source-code-pro-v7-latin-600.woff2:: Start Time=1610641317579
2021-01-14 08:21:57.580  INFO 8408 --- [http-nio-8081-exec-7] com.example.demo.intercept.ApiLogger     : requestId e27395d2-d610-4552-8d88-28d7fd968c00, host localhost:8081  HttpMethod: GET, URI : /webjars/springfox-swagger-ui/fonts/source-code-pro-v7-latin-600.woff2
2021-01-14 08:21:57.585  INFO 8408 --- [http-nio-8081-exec-7] com.example.demo.intercept.ApiLogger     : requestId e27395d2-d610-4552-8d88-28d7fd968c00, Handle :ResourceHttpRequestHandler ["classpath:/META-INF/resources/webjars/"] , request take time: 5===Status:=200
2021-01-14 08:22:05.603  INFO 8408 --- [http-nio-8081-exec-9] com.example.demo.intercept.ApiLogger     : preHandle()===Request URL::http://localhost:8081/webjars/springfox-swagger-ui/fonts/titillium-web-v6-latin-regular.woff2:: Start Time=1610641325603
2021-01-14 08:22:05.603  INFO 8408 --- [http-nio-8081-exec-9] com.example.demo.intercept.ApiLogger     : requestId 8c63d320-03de-4b9e-83e4-4d305f983209, host localhost:8081  HttpMethod: GET, URI : /webjars/springfox-swagger-ui/fonts/titillium-web-v6-latin-regular.woff2
2021-01-14 08:22:05.608  INFO 8408 --- [http-nio-8081-exec-9] com.example.demo.intercept.ApiLogger     : requestId 8c63d320-03de-4b9e-83e4-4d305f983209, Handle :ResourceHttpRequestHandler ["classpath:/META-INF/resources/webjars/"] , request take time: 4===Status:=200
2021-01-14 08:22:11.284  INFO 8408 --- [http-nio-8081-exec-10] com.example.demo.intercept.ApiLogger     : preHandle()===Request URL::http://localhost:8081/query/mandal/case:: Start Time=1610641331284
2021-01-14 08:22:11.285  INFO 8408 --- [http-nio-8081-exec-10] com.example.demo.intercept.ApiLogger     : requestId ce12387b-97dd-46f9-bd00-b3a7df4d399f, host localhost:8081  HttpMethod: GET, URI : /query/mandal/case
2021-01-14 08:22:13.397  INFO 8408 --- [http-nio-8081-exec-10] com.example.demo.intercept.ApiLogger     : requestId ce12387b-97dd-46f9-bd00-b3a7df4d399f, Handle :com.example.demo.controls.QueryMethodsRestController#getByMandalIgnoreCase(String) , request take time: 2112===Status:=200
2021-01-14 08:22:22.113  INFO 8408 --- [http-nio-8081-exec-2] com.example.demo.intercept.ApiLogger     : preHandle()===Request URL::http://localhost:8081/webjars/springfox-swagger-ui/fonts/titillium-web-v6-latin-600.woff2:: Start Time=1610641342113
2021-01-14 08:22:22.113  INFO 8408 --- [http-nio-8081-exec-2] com.example.demo.intercept.ApiLogger     : requestId 36537792-5ac0-4791-8058-4dec5aeddbd0, host localhost:8081  HttpMethod: GET, URI : /webjars/springfox-swagger-ui/fonts/titillium-web-v6-latin-600.woff2
2021-01-14 08:22:22.117  INFO 8408 --- [http-nio-8081-exec-2] com.example.demo.intercept.ApiLogger     : requestId 36537792-5ac0-4791-8058-4dec5aeddbd0, Handle :ResourceHttpRequestHandler ["classpath:/META-INF/resources/webjars/"] , request take time: 4===Status:=200
2021-01-14 08:22:38.355  INFO 8408 --- [http-nio-8081-exec-4] com.example.demo.intercept.ApiLogger     : preHandle()===Request URL::http://localhost:8081/query/mandal/case:: Start Time=1610641358355
2021-01-14 08:22:38.356  INFO 8408 --- [http-nio-8081-exec-4] com.example.demo.intercept.ApiLogger     : requestId b782f1c6-a23d-4eb3-b9e7-d7ff9da9d05d, host localhost:8081  HttpMethod: GET, URI : /query/mandal/case
2021-01-14 08:22:40.024  INFO 8408 --- [http-nio-8081-exec-4] com.example.demo.intercept.ApiLogger     : requestId b782f1c6-a23d-4eb3-b9e7-d7ff9da9d05d, Handle :com.example.demo.controls.QueryMethodsRestController#getByMandalIgnoreCase(String) , request take time: 1668===Status:=200
2021-01-14 08:34:38.203  INFO 8408 --- [http-nio-8081-exec-5] com.example.demo.intercept.ApiLogger     : preHandle()===Request URL::http://localhost:8081/query/mandal/case:: Start Time=1610642078202
2021-01-14 08:34:38.203  INFO 8408 --- [http-nio-8081-exec-5] com.example.demo.intercept.ApiLogger     : requestId d5f62bc0-1166-4c9c-9735-8bd8eceb20c2, host localhost:8081  HttpMethod: GET, URI : /query/mandal/case
2021-01-14 08:34:39.269  INFO 8408 --- [http-nio-8081-exec-5] com.example.demo.intercept.ApiLogger     : requestId d5f62bc0-1166-4c9c-9735-8bd8eceb20c2, Handle :com.example.demo.controls.QueryMethodsRestController#getByMandalIgnoreCase(String) , request take time: 1066===Status:=200
2021-01-14 19:27:22.627  INFO 3720 --- [restartedMain] com.example.demo.OracleApplication       : Starting OracleApplication using Java 11.0.1 on DESKTOP-JJG7BGH with PID 3720 (D:\Workspace\IntelliJWork\SpringRestOracleDemo\build\classes\java\main started by Hari in D:\Workspace\IntelliJWork\SpringRestOracleDemo)
2021-01-14 19:27:22.640  INFO 3720 --- [restartedMain] com.example.demo.OracleApplication       : No active profile set, falling back to default profiles: default
2021-01-14 19:27:22.731  INFO 3720 --- [restartedMain] o.s.b.devtools.restart.ChangeableUrls    : The Class-Path manifest attribute in E:\Softwares\Build\gradle-6.6.1\caches\modules-2\files-2.1\com.oracle.database.jdbc\ojdbc8\19.8.0.0\df9cff9b91c47d06b9a0482d566ee2d83a03e586\ojdbc8-19.8.0.0.jar referenced one or more files that do not exist: file:/E:/Softwares/Build/gradle-6.6.1/caches/modules-2/files-2.1/com.oracle.database.jdbc/ojdbc8/19.8.0.0/df9cff9b91c47d06b9a0482d566ee2d83a03e586/oraclepki.jar
2021-01-14 19:27:22.733  INFO 3720 --- [restartedMain] .e.DevToolsPropertyDefaultsPostProcessor : Devtools property defaults active! Set 'spring.devtools.add-properties' to 'false' to disable
2021-01-14 19:27:22.734  INFO 3720 --- [restartedMain] .e.DevToolsPropertyDefaultsPostProcessor : For additional web related logging consider setting the 'logging.level.web' property to 'DEBUG'
2021-01-14 19:27:24.503  INFO 3720 --- [restartedMain] .s.d.r.c.RepositoryConfigurationDelegate : Bootstrapping Spring Data JPA repositories in DEFERRED mode.
2021-01-14 19:27:24.611  INFO 3720 --- [restartedMain] .s.d.r.c.RepositoryConfigurationDelegate : Finished Spring Data repository scanning in 97 ms. Found 9 JPA repository interfaces.
2021-01-14 19:27:25.185  INFO 3720 --- [restartedMain] o.s.cloud.context.scope.GenericScope     : BeanFactory id=586d7a82-3a39-3332-93c9-b469ec6299c2
2021-01-14 19:27:27.132  INFO 3720 --- [restartedMain] o.s.b.w.embedded.tomcat.TomcatWebServer  : Tomcat initialized with port(s): 8081 (http)
2021-01-14 19:27:27.176  INFO 3720 --- [restartedMain] o.apache.catalina.core.StandardService   : Starting service [Tomcat]
2021-01-14 19:27:27.176  INFO 3720 --- [restartedMain] org.apache.catalina.core.StandardEngine  : Starting Servlet engine: [Apache Tomcat/9.0.39]
2021-01-14 19:27:27.357  INFO 3720 --- [restartedMain] o.a.c.c.C.[Tomcat].[localhost].[/]       : Initializing Spring embedded WebApplicationContext
2021-01-14 19:27:27.357  INFO 3720 --- [restartedMain] w.s.c.ServletWebServerApplicationContext : Root WebApplicationContext: initialization completed in 4622 ms
2021-01-14 19:27:28.916  INFO 3720 --- [restartedMain] o.hibernate.jpa.internal.util.LogHelper  : HHH000204: Processing PersistenceUnitInfo [name: default]
2021-01-14 19:27:29.235  INFO 3720 --- [restartedMain] org.hibernate.Version                    : HHH000412: Hibernate ORM core version 5.4.23.Final
2021-01-14 19:27:29.864  INFO 3720 --- [restartedMain] o.hibernate.annotations.common.Version   : HCANN000001: Hibernate Commons Annotations {5.1.2.Final}
2021-01-14 19:27:30.156  INFO 3720 --- [restartedMain] com.zaxxer.hikari.HikariDataSource       : HikariPool-1 - Starting...
2021-01-14 19:27:30.178  WARN 3720 --- [restartedMain] com.zaxxer.hikari.util.DriverDataSource  : Registered driver with driverClassName=oracle.jdbc.driver.OracleDriver was not found, trying direct instantiation.
2021-01-14 19:27:31.709  INFO 3720 --- [restartedMain] com.zaxxer.hikari.HikariDataSource       : HikariPool-1 - Start completed.
2021-01-14 19:27:31.766  INFO 3720 --- [restartedMain] org.hibernate.dialect.Dialect            : HHH000400: Using dialect: org.hibernate.dialect.Oracle12cDialect
2021-01-14 19:28:30.112  INFO 3720 --- [restartedMain] o.h.e.t.j.p.i.JtaPlatformInitiator       : HHH000490: Using JtaPlatform implementation: [org.hibernate.engine.transaction.jta.platform.internal.NoJtaPlatform]
2021-01-14 19:28:30.148  INFO 3720 --- [restartedMain] j.LocalContainerEntityManagerFactoryBean : Initialized JPA EntityManagerFactory for persistence unit 'default'
2021-01-14 19:28:30.217  INFO 3720 --- [restartedMain] o.s.b.d.a.OptionalLiveReloadServer       : LiveReload server is running on port 35729
2021-01-14 19:28:30.899  WARN 3720 --- [restartedMain] JpaBaseConfiguration$JpaWebConfiguration : spring.jpa.open-in-view is enabled by default. Therefore, database queries may be performed during view rendering. Explicitly configure spring.jpa.open-in-view to disable this warning
2021-01-14 19:28:31.410  INFO 3720 --- [restartedMain] o.s.b.a.e.web.EndpointLinksResolver      : Exposing 2 endpoint(s) beneath base path '/actuator'
2021-01-14 19:28:31.562  INFO 3720 --- [restartedMain] o.s.s.concurrent.ThreadPoolTaskExecutor  : Initializing ExecutorService
2021-01-14 19:28:31.563  INFO 3720 --- [restartedMain] o.s.s.concurrent.ThreadPoolTaskExecutor  : Initializing ExecutorService 'asyncExecutor'
2021-01-14 19:28:31.600  INFO 3720 --- [restartedMain] pertySourcedRequestMappingHandlerMapping : Mapped URL path [/v2/api-docs] onto method [springfox.documentation.swagger2.web.Swagger2Controller#getDocumentation(String, HttpServletRequest)]
2021-01-14 19:28:32.686  INFO 3720 --- [restartedMain] o.s.b.w.embedded.tomcat.TomcatWebServer  : Tomcat started on port(s): 8081 (http) with context path ''
2021-01-14 19:28:33.020  INFO 3720 --- [restartedMain] d.s.w.p.DocumentationPluginsBootstrapper : Context refreshed
2021-01-14 19:28:33.073  INFO 3720 --- [restartedMain] d.s.w.p.DocumentationPluginsBootstrapper : Found 1 custom documentation plugin(s)
2021-01-14 19:28:33.159  INFO 3720 --- [restartedMain] s.d.s.w.s.ApiListingReferenceScanner     : Scanning for api listing references
2021-01-14 19:28:33.386  WARN 3720 --- [restartedMain] s.d.s.w.r.p.ParameterDataTypeReader      : Trying to infer dataType org.springframework.ui.ModelMap
2021-01-14 19:28:33.392  WARN 3720 --- [restartedMain] s.d.s.w.r.p.ParameterDataTypeReader      : Trying to infer dataType org.springframework.ui.ModelMap
2021-01-14 19:28:33.395  INFO 3720 --- [restartedMain] .d.s.w.r.o.CachingOperationNameGenerator : Generating unique operation named: getAllCountriesUsingGET_1
2021-01-14 19:28:33.429  INFO 3720 --- [restartedMain] .d.s.w.r.o.CachingOperationNameGenerator : Generating unique operation named: getAllCropInsuranceUsingGET_1
2021-01-14 19:28:33.554  INFO 3720 --- [restartedMain] .d.s.w.r.o.CachingOperationNameGenerator : Generating unique operation named: getCountriesUsingGET_1
2021-01-14 19:28:33.587  INFO 3720 --- [restartedMain] .d.s.w.r.o.CachingOperationNameGenerator : Generating unique operation named: helloWorldUsingGET_1
2021-01-14 19:28:33.604  INFO 3720 --- [restartedMain] .d.s.w.r.o.CachingOperationNameGenerator : Generating unique operation named: handleUsingGET_1
2021-01-14 19:28:33.607  INFO 3720 --- [restartedMain] .d.s.w.r.o.CachingOperationNameGenerator : Generating unique operation named: handleUsingGET_2
2021-01-14 19:28:33.613  INFO 3720 --- [restartedMain] .d.s.w.r.o.CachingOperationNameGenerator : Generating unique operation named: getAllEmployeesUsingGET_1
2021-01-14 19:28:33.638  INFO 3720 --- [restartedMain] .d.s.w.r.o.CachingOperationNameGenerator : Generating unique operation named: getCountryCurrencyUsingGET_1
2021-01-14 19:28:33.650  INFO 3720 --- [restartedMain] .d.s.w.r.o.CachingOperationNameGenerator : Generating unique operation named: findByClaimAmountGreaterThanEqualUsingGET_1
2021-01-14 19:28:33.679  INFO 3720 --- [restartedMain] .d.s.w.r.o.CachingOperationNameGenerator : Generating unique operation named: getAllCropInsuranceUsingGET_2
2021-01-14 19:28:33.684  INFO 3720 --- [restartedMain] .d.s.w.r.o.CachingOperationNameGenerator : Generating unique operation named: getByMandalUsingGET_1
2021-01-14 19:28:33.695  INFO 3720 --- [restartedMain] .d.s.w.r.o.CachingOperationNameGenerator : Generating unique operation named: getAllEmployeesUsingGET_2
2021-01-14 19:28:33.756  INFO 3720 --- [restartedMain] DeferredRepositoryInitializationListener : Triggering deferred initialization of Spring Data repositories…
2021-01-14 19:28:34.893  INFO 3720 --- [restartedMain] DeferredRepositoryInitializationListener : Spring Data repositories initialized!
2021-01-14 19:28:34.911  INFO 3720 --- [restartedMain] com.example.demo.OracleApplication       : Started OracleApplication in 73.176 seconds (JVM running for 73.852)
2021-01-14 19:29:20.839  INFO 3720 --- [http-nio-8081-exec-1] o.a.c.c.C.[Tomcat].[localhost].[/]       : Initializing Spring DispatcherServlet 'dispatcherServlet'
2021-01-14 19:29:20.841  INFO 3720 --- [http-nio-8081-exec-1] o.s.web.servlet.DispatcherServlet        : Initializing Servlet 'dispatcherServlet'
2021-01-14 19:29:20.843  INFO 3720 --- [http-nio-8081-exec-1] o.s.web.servlet.DispatcherServlet        : Completed initialization in 2 ms
2021-01-14 19:29:20.918  INFO 3720 --- [http-nio-8081-exec-1] com.example.demo.intercept.ApiLogger     : preHandle()===Request URL::http://localhost:8081/swagger-ui.html:: Start Time=1610681360911
2021-01-14 19:29:20.919  INFO 3720 --- [http-nio-8081-exec-1] com.example.demo.intercept.ApiLogger     : requestId 4707a65a-3306-4ef8-adbf-7237e76316a3, host localhost:8081  HttpMethod: GET, URI : /swagger-ui.html
2021-01-14 19:29:21.020  INFO 3720 --- [http-nio-8081-exec-1] com.example.demo.intercept.ApiLogger     : requestId 4707a65a-3306-4ef8-adbf-7237e76316a3, Handle :ResourceHttpRequestHandler ["classpath:/META-INF/resources/", "classpath:/resources/", "classpath:/static/", "classpath:/public/", "/"] , request take time: 96===Status:=200
2021-01-14 19:29:21.028  INFO 3720 --- [http-nio-8081-exec-1] com.example.demo.intercept.ApiLogger     : preHandle()===Request URL::http://localhost:8081/swagger-ui.html:: Start Time=1610681361028
2021-01-14 19:29:21.031  INFO 3720 --- [http-nio-8081-exec-1] com.example.demo.intercept.ApiLogger     : requestId 56acf1aa-fb52-42ed-96da-cc6d1882a9ed, host localhost:8081  HttpMethod: GET, URI : /swagger-ui.html
2021-01-14 19:29:21.038  INFO 3720 --- [http-nio-8081-exec-1] com.example.demo.intercept.ApiLogger     : requestId 56acf1aa-fb52-42ed-96da-cc6d1882a9ed, Handle :ResourceHttpRequestHandler ["classpath:/META-INF/resources/", "classpath:/resources/", "classpath:/static/", "classpath:/public/", "/"] , request take time: 6===Status:=200
2021-01-14 19:29:21.040  INFO 3720 --- [http-nio-8081-exec-2] com.example.demo.intercept.ApiLogger     : preHandle()===Request URL::http://localhost:8081/webjars/springfox-swagger-ui/springfox.css:: Start Time=1610681361040
2021-01-14 19:29:21.041  INFO 3720 --- [http-nio-8081-exec-2] com.example.demo.intercept.ApiLogger     : requestId 5eb16196-7c38-4d23-9be4-d8ad4ce0c59b, host localhost:8081  HttpMethod: GET, URI : /webjars/springfox-swagger-ui/springfox.css
2021-01-14 19:29:21.052  INFO 3720 --- [http-nio-8081-exec-2] com.example.demo.intercept.ApiLogger     : requestId 5eb16196-7c38-4d23-9be4-d8ad4ce0c59b, Handle :ResourceHttpRequestHandler ["classpath:/META-INF/resources/webjars/"] , request take time: 9===Status:=200
2021-01-14 19:29:21.053  INFO 3720 --- [http-nio-8081-exec-1] com.example.demo.intercept.ApiLogger     : preHandle()===Request URL::http://localhost:8081/webjars/springfox-swagger-ui/swagger-ui-bundle.js:: Start Time=1610681361053
2021-01-14 19:29:21.053  INFO 3720 --- [http-nio-8081-exec-1] com.example.demo.intercept.ApiLogger     : requestId 71cbab67-690d-4cb7-888e-8a50d7d9f00b, host localhost:8081  HttpMethod: GET, URI : /webjars/springfox-swagger-ui/swagger-ui-bundle.js
2021-01-14 19:29:21.054  INFO 3720 --- [http-nio-8081-exec-3] com.example.demo.intercept.ApiLogger     : preHandle()===Request URL::http://localhost:8081/webjars/springfox-swagger-ui/swagger-ui.css:: Start Time=1610681361054
2021-01-14 19:29:21.055  INFO 3720 --- [http-nio-8081-exec-3] com.example.demo.intercept.ApiLogger     : requestId fd902998-f057-4d92-93c1-4adcc37984fc, host localhost:8081  HttpMethod: GET, URI : /webjars/springfox-swagger-ui/swagger-ui.css
2021-01-14 19:29:21.056  INFO 3720 --- [http-nio-8081-exec-5] com.example.demo.intercept.ApiLogger     : preHandle()===Request URL::http://localhost:8081/webjars/springfox-swagger-ui/swagger-ui-standalone-preset.js:: Start Time=1610681361056
2021-01-14 19:29:21.056  INFO 3720 --- [http-nio-8081-exec-5] com.example.demo.intercept.ApiLogger     : requestId bcb85bfa-8ac8-420f-bf72-5274163c936e, host localhost:8081  HttpMethod: GET, URI : /webjars/springfox-swagger-ui/swagger-ui-standalone-preset.js
2021-01-14 19:29:21.102  INFO 3720 --- [http-nio-8081-exec-6] com.example.demo.intercept.ApiLogger     : preHandle()===Request URL::http://localhost:8081/webjars/springfox-swagger-ui/springfox.js:: Start Time=1610681361102
2021-01-14 19:29:21.103  INFO 3720 --- [http-nio-8081-exec-6] com.example.demo.intercept.ApiLogger     : requestId 88bc0bb0-b74f-405d-b48e-f7a782586fa2, host localhost:8081  HttpMethod: GET, URI : /webjars/springfox-swagger-ui/springfox.js
2021-01-14 19:29:21.110  INFO 3720 --- [http-nio-8081-exec-7] com.example.demo.intercept.ApiLogger     : preHandle()===Request URL::http://localhost:8081/webjars/springfox-swagger-ui/springfox.css:: Start Time=1610681361110
2021-01-14 19:29:21.110  INFO 3720 --- [http-nio-8081-exec-7] com.example.demo.intercept.ApiLogger     : requestId f07aff71-7eac-4223-b39b-dea55cfc71dc, host localhost:8081  HttpMethod: GET, URI : /webjars/springfox-swagger-ui/springfox.css
2021-01-14 19:29:21.111  INFO 3720 --- [http-nio-8081-exec-8] com.example.demo.intercept.ApiLogger     : preHandle()===Request URL::http://localhost:8081/webjars/springfox-swagger-ui/swagger-ui-bundle.js:: Start Time=1610681361111
2021-01-14 19:29:21.112  INFO 3720 --- [http-nio-8081-exec-8] com.example.demo.intercept.ApiLogger     : requestId e994e282-5229-4f06-8a66-aeb728c0f44f, host localhost:8081  HttpMethod: GET, URI : /webjars/springfox-swagger-ui/swagger-ui-bundle.js
2021-01-14 19:29:21.132  INFO 3720 --- [http-nio-8081-exec-3] com.example.demo.intercept.ApiLogger     : requestId fd902998-f057-4d92-93c1-4adcc37984fc, Handle :ResourceHttpRequestHandler ["classpath:/META-INF/resources/webjars/"] , request take time: 77===Status:=200
2021-01-14 19:29:21.139  INFO 3720 --- [http-nio-8081-exec-7] com.example.demo.intercept.ApiLogger     : requestId f07aff71-7eac-4223-b39b-dea55cfc71dc, Handle :ResourceHttpRequestHandler ["classpath:/META-INF/resources/webjars/"] , request take time: 28===Status:=200
2021-01-14 19:29:21.145  INFO 3720 --- [http-nio-8081-exec-7] com.example.demo.intercept.ApiLogger     : preHandle()===Request URL::http://localhost:8081/webjars/springfox-swagger-ui/swagger-ui.css:: Start Time=1610681361145
2021-01-14 19:29:21.145  INFO 3720 --- [http-nio-8081-exec-7] com.example.demo.intercept.ApiLogger     : requestId 6d497675-48eb-45ee-827a-8e2c21f76ef7, host localhost:8081  HttpMethod: GET, URI : /webjars/springfox-swagger-ui/swagger-ui.css
2021-01-14 19:29:21.147  INFO 3720 --- [http-nio-8081-exec-3] com.example.demo.intercept.ApiLogger     : preHandle()===Request URL::http://localhost:8081/webjars/springfox-swagger-ui/swagger-ui-standalone-preset.js:: Start Time=1610681361146
2021-01-14 19:29:21.147  INFO 3720 --- [http-nio-8081-exec-3] com.example.demo.intercept.ApiLogger     : requestId 0424a8f5-d5bb-4f2d-85e7-03f2a9a8a19c, host localhost:8081  HttpMethod: GET, URI : /webjars/springfox-swagger-ui/swagger-ui-standalone-preset.js
2021-01-14 19:29:21.167  INFO 3720 --- [http-nio-8081-exec-5] com.example.demo.intercept.ApiLogger     : requestId bcb85bfa-8ac8-420f-bf72-5274163c936e, Handle :ResourceHttpRequestHandler ["classpath:/META-INF/resources/webjars/"] , request take time: 111===Status:=200
2021-01-14 19:29:21.175  INFO 3720 --- [http-nio-8081-exec-5] com.example.demo.intercept.ApiLogger     : preHandle()===Request URL::http://localhost:8081/webjars/springfox-swagger-ui/springfox.js:: Start Time=1610681361175
2021-01-14 19:29:21.175  INFO 3720 --- [http-nio-8081-exec-5] com.example.demo.intercept.ApiLogger     : requestId b3c5ecfd-1e5e-45d1-b59e-c05c4071e203, host localhost:8081  HttpMethod: GET, URI : /webjars/springfox-swagger-ui/springfox.js
2021-01-14 19:29:21.181  INFO 3720 --- [http-nio-8081-exec-6] com.example.demo.intercept.ApiLogger     : requestId 88bc0bb0-b74f-405d-b48e-f7a782586fa2, Handle :ResourceHttpRequestHandler ["classpath:/META-INF/resources/webjars/"] , request take time: 77===Status:=200
2021-01-14 19:29:21.183  INFO 3720 --- [http-nio-8081-exec-7] com.example.demo.intercept.ApiLogger     : requestId 6d497675-48eb-45ee-827a-8e2c21f76ef7, Handle :ResourceHttpRequestHandler ["classpath:/META-INF/resources/webjars/"] , request take time: 38===Status:=200
2021-01-14 19:29:21.188  INFO 3720 --- [http-nio-8081-exec-1] com.example.demo.intercept.ApiLogger     : requestId 71cbab67-690d-4cb7-888e-8a50d7d9f00b, Handle :ResourceHttpRequestHandler ["classpath:/META-INF/resources/webjars/"] , request take time: 134===Status:=200
2021-01-14 19:29:21.190  INFO 3720 --- [http-nio-8081-exec-5] com.example.demo.intercept.ApiLogger     : requestId b3c5ecfd-1e5e-45d1-b59e-c05c4071e203, Handle :ResourceHttpRequestHandler ["classpath:/META-INF/resources/webjars/"] , request take time: 14===Status:=200
2021-01-14 19:29:21.206  INFO 3720 --- [http-nio-8081-exec-3] com.example.demo.intercept.ApiLogger     : requestId 0424a8f5-d5bb-4f2d-85e7-03f2a9a8a19c, Handle :ResourceHttpRequestHandler ["classpath:/META-INF/resources/webjars/"] , request take time: 58===Status:=200
2021-01-14 19:29:21.224  INFO 3720 --- [http-nio-8081-exec-8] com.example.demo.intercept.ApiLogger     : requestId e994e282-5229-4f06-8a66-aeb728c0f44f, Handle :ResourceHttpRequestHandler ["classpath:/META-INF/resources/webjars/"] , request take time: 112===Status:=200
2021-01-14 19:29:21.471  INFO 3720 --- [http-nio-8081-exec-9] com.example.demo.intercept.ApiLogger     : preHandle()===Request URL::http://localhost:8081/swagger-resources/configuration/ui:: Start Time=1610681361471
2021-01-14 19:29:21.472  INFO 3720 --- [http-nio-8081-exec-9] com.example.demo.intercept.ApiLogger     : requestId 8cc13002-808d-49b7-9a31-9f3b73d6dd55, host localhost:8081  HttpMethod: GET, URI : /swagger-resources/configuration/ui
2021-01-14 19:29:21.540  INFO 3720 --- [http-nio-8081-exec-9] com.example.demo.intercept.ApiLogger     : requestId 8cc13002-808d-49b7-9a31-9f3b73d6dd55, Handle :springfox.documentation.swagger.web.ApiResourceController#uiConfiguration() , request take time: 68===Status:=200
2021-01-14 19:29:21.544  INFO 3720 --- [http-nio-8081-exec-10] com.example.demo.intercept.ApiLogger     : preHandle()===Request URL::http://localhost:8081/swagger-resources/configuration/security:: Start Time=1610681361544
2021-01-14 19:29:21.544  INFO 3720 --- [http-nio-8081-exec-10] com.example.demo.intercept.ApiLogger     : requestId 1972f7e2-1a4b-4cf6-9855-ba57fb171950, host localhost:8081  HttpMethod: GET, URI : /swagger-resources/configuration/security
2021-01-14 19:29:21.550  INFO 3720 --- [http-nio-8081-exec-10] com.example.demo.intercept.ApiLogger     : requestId 1972f7e2-1a4b-4cf6-9855-ba57fb171950, Handle :springfox.documentation.swagger.web.ApiResourceController#securityConfiguration() , request take time: 6===Status:=200
2021-01-14 19:29:21.554  INFO 3720 --- [http-nio-8081-exec-4] com.example.demo.intercept.ApiLogger     : preHandle()===Request URL::http://localhost:8081/swagger-resources:: Start Time=1610681361554
2021-01-14 19:29:21.554  INFO 3720 --- [http-nio-8081-exec-4] com.example.demo.intercept.ApiLogger     : requestId d6e553a3-6978-44ff-b536-f0d689de617b, host localhost:8081  HttpMethod: GET, URI : /swagger-resources
2021-01-14 19:29:21.558  INFO 3720 --- [http-nio-8081-exec-4] com.example.demo.intercept.ApiLogger     : requestId d6e553a3-6978-44ff-b536-f0d689de617b, Handle :springfox.documentation.swagger.web.ApiResourceController#swaggerResources() , request take time: 3===Status:=200
2021-01-14 19:29:21.590  INFO 3720 --- [http-nio-8081-exec-6] com.example.demo.intercept.ApiLogger     : preHandle()===Request URL::http://localhost:8081/:: Start Time=1610681361590
2021-01-14 19:29:21.590  INFO 3720 --- [http-nio-8081-exec-6] com.example.demo.intercept.ApiLogger     : requestId 95f3c806-6287-4302-9ecf-f91ee8fef0a1, host localhost:8081  HttpMethod: GET, URI : /
2021-01-14 19:29:21.591  INFO 3720 --- [http-nio-8081-exec-6] com.example.demo.intercept.ApiLogger     : requestId 95f3c806-6287-4302-9ecf-f91ee8fef0a1, Handle :ResourceHttpRequestHandler ["classpath:/META-INF/resources/", "classpath:/resources/", "classpath:/static/", "classpath:/public/", "/"] , request take time: 0===Status:=404
2021-01-14 19:29:21.702  INFO 3720 --- [http-nio-8081-exec-6] com.example.demo.intercept.ApiLogger     : preHandle()===Request URL::http://localhost:8081/error:: Start Time=1610681361702
2021-01-14 19:29:21.702  INFO 3720 --- [http-nio-8081-exec-6] com.example.demo.intercept.ApiLogger     : requestId ec74e51d-ee6c-4fd5-bfc6-758298497ebe, host localhost:8081  HttpMethod: GET, URI : /error
2021-01-14 19:29:21.711  INFO 3720 --- [http-nio-8081-exec-6] com.example.demo.intercept.ApiLogger     : requestId ec74e51d-ee6c-4fd5-bfc6-758298497ebe, Handle :org.springframework.boot.autoconfigure.web.servlet.error.BasicErrorController#error(HttpServletRequest) , request take time: 9===Status:=404
2021-01-14 19:29:21.817  INFO 3720 --- [http-nio-8081-exec-7] com.example.demo.intercept.ApiLogger     : preHandle()===Request URL::http://localhost:8081/webjars/springfox-swagger-ui/fonts/titillium-web-v6-latin-700.woff2:: Start Time=1610681361817
2021-01-14 19:29:21.817  INFO 3720 --- [http-nio-8081-exec-7] com.example.demo.intercept.ApiLogger     : requestId 415a665b-aa27-4c12-99a1-ddae7b9dc948, host localhost:8081  HttpMethod: GET, URI : /webjars/springfox-swagger-ui/fonts/titillium-web-v6-latin-700.woff2
2021-01-14 19:29:21.819  INFO 3720 --- [http-nio-8081-exec-1] com.example.demo.intercept.ApiLogger     : preHandle()===Request URL::http://localhost:8081/csrf:: Start Time=1610681361819
2021-01-14 19:29:21.819  INFO 3720 --- [http-nio-8081-exec-1] com.example.demo.intercept.ApiLogger     : requestId 9217ad9c-926c-4fe5-bb92-fe333b153d5f, host localhost:8081  HttpMethod: GET, URI : /csrf
2021-01-14 19:29:21.869  INFO 3720 --- [http-nio-8081-exec-7] com.example.demo.intercept.ApiLogger     : requestId 415a665b-aa27-4c12-99a1-ddae7b9dc948, Handle :ResourceHttpRequestHandler ["classpath:/META-INF/resources/webjars/"] , request take time: 52===Status:=200
2021-01-14 19:29:21.871  INFO 3720 --- [http-nio-8081-exec-1] com.example.demo.intercept.ApiLogger     : requestId 9217ad9c-926c-4fe5-bb92-fe333b153d5f, Handle :ResourceHttpRequestHandler ["classpath:/META-INF/resources/", "classpath:/resources/", "classpath:/static/", "classpath:/public/", "/"] , request take time: 52===Status:=404
2021-01-14 19:29:21.873  INFO 3720 --- [http-nio-8081-exec-1] com.example.demo.intercept.ApiLogger     : preHandle()===Request URL::http://localhost:8081/error:: Start Time=1610681361873
2021-01-14 19:29:21.873  INFO 3720 --- [http-nio-8081-exec-1] com.example.demo.intercept.ApiLogger     : requestId 02d72f28-e30e-4da1-9b71-a13793d3c889, host localhost:8081  HttpMethod: GET, URI : /error
2021-01-14 19:29:21.875  INFO 3720 --- [http-nio-8081-exec-1] com.example.demo.intercept.ApiLogger     : requestId 02d72f28-e30e-4da1-9b71-a13793d3c889, Handle :org.springframework.boot.autoconfigure.web.servlet.error.BasicErrorController#error(HttpServletRequest) , request take time: 2===Status:=404
2021-01-14 19:29:22.305  INFO 3720 --- [http-nio-8081-exec-5] com.example.demo.intercept.ApiLogger     : preHandle()===Request URL::http://localhost:8081/webjars/springfox-swagger-ui/fonts/open-sans-v15-latin-700.woff2:: Start Time=1610681362305
2021-01-14 19:29:22.306  INFO 3720 --- [http-nio-8081-exec-5] com.example.demo.intercept.ApiLogger     : requestId b3f67057-5168-4660-af32-c024dbcd55fd, host localhost:8081  HttpMethod: GET, URI : /webjars/springfox-swagger-ui/fonts/open-sans-v15-latin-700.woff2
2021-01-14 19:29:22.308  INFO 3720 --- [http-nio-8081-exec-8] com.example.demo.intercept.ApiLogger     : preHandle()===Request URL::http://localhost:8081/webjars/springfox-swagger-ui/fonts/open-sans-v15-latin-regular.woff2:: Start Time=1610681362308
2021-01-14 19:29:22.308  INFO 3720 --- [http-nio-8081-exec-8] com.example.demo.intercept.ApiLogger     : requestId e8f58e01-e2fb-4a47-bd77-a5f7c027e9fd, host localhost:8081  HttpMethod: GET, URI : /webjars/springfox-swagger-ui/fonts/open-sans-v15-latin-regular.woff2
2021-01-14 19:29:22.308  INFO 3720 --- [http-nio-8081-exec-3] com.example.demo.intercept.ApiLogger     : preHandle()===Request URL::http://localhost:8081/webjars/springfox-swagger-ui/fonts/source-code-pro-v7-latin-300.woff2:: Start Time=1610681362308
2021-01-14 19:29:22.308  INFO 3720 --- [http-nio-8081-exec-3] com.example.demo.intercept.ApiLogger     : requestId 41ea80fd-5b66-4ebd-97d6-c94eebb2e50d, host localhost:8081  HttpMethod: GET, URI : /webjars/springfox-swagger-ui/fonts/source-code-pro-v7-latin-300.woff2
2021-01-14 19:29:22.310  INFO 3720 --- [http-nio-8081-exec-5] com.example.demo.intercept.ApiLogger     : requestId b3f67057-5168-4660-af32-c024dbcd55fd, Handle :ResourceHttpRequestHandler ["classpath:/META-INF/resources/webjars/"] , request take time: 4===Status:=200
2021-01-14 19:29:22.315  INFO 3720 --- [http-nio-8081-exec-8] com.example.demo.intercept.ApiLogger     : requestId e8f58e01-e2fb-4a47-bd77-a5f7c027e9fd, Handle :ResourceHttpRequestHandler ["classpath:/META-INF/resources/webjars/"] , request take time: 7===Status:=200
2021-01-14 19:29:22.317  INFO 3720 --- [http-nio-8081-exec-3] com.example.demo.intercept.ApiLogger     : requestId 41ea80fd-5b66-4ebd-97d6-c94eebb2e50d, Handle :ResourceHttpRequestHandler ["classpath:/META-INF/resources/webjars/"] , request take time: 8===Status:=200
2021-01-14 19:29:25.612  INFO 3720 --- [http-nio-8081-exec-9] com.example.demo.intercept.ApiLogger     : preHandle()===Request URL::http://localhost:8081/webjars/springfox-swagger-ui/fonts/source-code-pro-v7-latin-600.woff2:: Start Time=1610681365612
2021-01-14 19:29:25.613  INFO 3720 --- [http-nio-8081-exec-9] com.example.demo.intercept.ApiLogger     : requestId 82138479-afb1-4dc7-9c1a-76f07b01aa3b, host localhost:8081  HttpMethod: GET, URI : /webjars/springfox-swagger-ui/fonts/source-code-pro-v7-latin-600.woff2
2021-01-14 19:29:25.616  INFO 3720 --- [http-nio-8081-exec-9] com.example.demo.intercept.ApiLogger     : requestId 82138479-afb1-4dc7-9c1a-76f07b01aa3b, Handle :ResourceHttpRequestHandler ["classpath:/META-INF/resources/webjars/"] , request take time: 3===Status:=200
2021-01-14 19:29:28.611  INFO 3720 --- [http-nio-8081-exec-10] com.example.demo.intercept.ApiLogger     : preHandle()===Request URL::http://localhost:8081/webjars/springfox-swagger-ui/fonts/titillium-web-v6-latin-regular.woff2:: Start Time=1610681368611
2021-01-14 19:29:28.611  INFO 3720 --- [http-nio-8081-exec-10] com.example.demo.intercept.ApiLogger     : requestId bc9ef056-e4ae-46c5-b6e9-fc1b3c0ec8e7, host localhost:8081  HttpMethod: GET, URI : /webjars/springfox-swagger-ui/fonts/titillium-web-v6-latin-regular.woff2
2021-01-14 19:29:28.616  INFO 3720 --- [http-nio-8081-exec-10] com.example.demo.intercept.ApiLogger     : requestId bc9ef056-e4ae-46c5-b6e9-fc1b3c0ec8e7, Handle :ResourceHttpRequestHandler ["classpath:/META-INF/resources/webjars/"] , request take time: 4===Status:=200
2021-01-14 19:29:32.454  INFO 3720 --- [http-nio-8081-exec-4] com.example.demo.intercept.ApiLogger     : preHandle()===Request URL::http://localhost:8081/plsql/procTest:: Start Time=1610681372454
2021-01-14 19:29:32.454  INFO 3720 --- [http-nio-8081-exec-4] com.example.demo.intercept.ApiLogger     : requestId f46a022f-7e79-441f-8d6c-a84d221ae2d9, host localhost:8081  HttpMethod: GET, URI : /plsql/procTest
2021-01-14 19:29:32.694  WARN 3720 --- [http-nio-8081-exec-4] o.h.engine.jdbc.spi.SqlExceptionHelper   : SQL Error: 6550, SQLState: 65000
2021-01-14 19:29:32.694 ERROR 3720 --- [http-nio-8081-exec-4] o.h.engine.jdbc.spi.SqlExceptionHelper   : ORA-06550: line 1, column 7:
PLS-00201: identifier 'INONLYTEST' must be declared
ORA-06550: line 1, column 7:
PL/SQL: Statement ignored

2021-01-14 19:29:32.703  WARN 3720 --- [http-nio-8081-exec-4] .m.m.a.ExceptionHandlerExceptionResolver : Resolved [org.springframework.dao.InvalidDataAccessResourceUsageException: Error calling CallableStatement.getMoreResults; SQL [inOnlyTest]; nested exception is org.hibernate.exception.SQLGrammarException: Error calling CallableStatement.getMoreResults]
2021-01-14 19:29:32.704  INFO 3720 --- [http-nio-8081-exec-4] com.example.demo.intercept.ApiLogger     : requestId f46a022f-7e79-441f-8d6c-a84d221ae2d9, Handle :com.example.demo.controls.PlsqlRestController#procedureTest() , request take time: 250===Status:=500
2021-01-14 19:29:32.750  INFO 3720 --- [http-nio-8081-exec-6] com.example.demo.intercept.ApiLogger     : preHandle()===Request URL::http://localhost:8081/webjars/springfox-swagger-ui/fonts/titillium-web-v6-latin-600.woff2:: Start Time=1610681372750
2021-01-14 19:29:32.750  INFO 3720 --- [http-nio-8081-exec-6] com.example.demo.intercept.ApiLogger     : requestId 9b0d33eb-c4f4-4a61-a0b0-3743da108cfc, host localhost:8081  HttpMethod: GET, URI : /webjars/springfox-swagger-ui/fonts/titillium-web-v6-latin-600.woff2
2021-01-14 19:29:32.753  INFO 3720 --- [http-nio-8081-exec-6] com.example.demo.intercept.ApiLogger     : requestId 9b0d33eb-c4f4-4a61-a0b0-3743da108cfc, Handle :ResourceHttpRequestHandler ["classpath:/META-INF/resources/webjars/"] , request take time: 3===Status:=200
2021-01-14 19:29:50.378  INFO 3720 --- [http-nio-8081-exec-7] com.example.demo.intercept.ApiLogger     : preHandle()===Request URL::http://localhost:8081/plsql/inOnlyTest:: Start Time=1610681390378
2021-01-14 19:29:50.378  INFO 3720 --- [http-nio-8081-exec-7] com.example.demo.intercept.ApiLogger     : requestId 5b4afe61-3811-4e04-885a-16d6754dfd3f, host localhost:8081  HttpMethod: GET, URI : /plsql/inOnlyTest
2021-01-14 19:29:50.387  WARN 3720 --- [http-nio-8081-exec-7] o.h.engine.jdbc.spi.SqlExceptionHelper   : SQL Error: 6550, SQLState: 65000
2021-01-14 19:29:50.387 ERROR 3720 --- [http-nio-8081-exec-7] o.h.engine.jdbc.spi.SqlExceptionHelper   : ORA-06550: line 1, column 7:
PLS-00201: identifier 'TEST_PKG.IN_ONLY_TEST' must be declared
ORA-06550: line 1, column 7:
PL/SQL: Statement ignored

2021-01-14 19:29:50.390  WARN 3720 --- [http-nio-8081-exec-7] .m.m.a.ExceptionHandlerExceptionResolver : Resolved [org.springframework.dao.InvalidDataAccessResourceUsageException: Error calling CallableStatement.getMoreResults; SQL [test_pkg.in_only_test]; nested exception is org.hibernate.exception.SQLGrammarException: Error calling CallableStatement.getMoreResults]
2021-01-14 19:29:50.390  INFO 3720 --- [http-nio-8081-exec-7] com.example.demo.intercept.ApiLogger     : requestId 5b4afe61-3811-4e04-885a-16d6754dfd3f, Handle :com.example.demo.controls.PlsqlRestController#getCountryCurrency() , request take time: 12===Status:=500
2021-01-14 19:30:07.434  INFO 3720 --- [http-nio-8081-exec-1] com.example.demo.intercept.ApiLogger     : preHandle()===Request URL::http://localhost:8081/plsql/inOnlyTest:: Start Time=1610681407434
2021-01-14 19:30:07.434  INFO 3720 --- [http-nio-8081-exec-1] com.example.demo.intercept.ApiLogger     : requestId bbe737e9-313f-4087-a2a1-322f413b9e08, host localhost:8081  HttpMethod: GET, URI : /plsql/inOnlyTest
2021-01-14 19:30:07.439  WARN 3720 --- [http-nio-8081-exec-1] o.h.engine.jdbc.spi.SqlExceptionHelper   : SQL Error: 6550, SQLState: 65000
2021-01-14 19:30:07.439 ERROR 3720 --- [http-nio-8081-exec-1] o.h.engine.jdbc.spi.SqlExceptionHelper   : ORA-06550: line 1, column 7:
PLS-00201: identifier 'TEST_PKG.IN_ONLY_TEST' must be declared
ORA-06550: line 1, column 7:
PL/SQL: Statement ignored

2021-01-14 19:30:07.441  WARN 3720 --- [http-nio-8081-exec-1] .m.m.a.ExceptionHandlerExceptionResolver : Resolved [org.springframework.dao.InvalidDataAccessResourceUsageException: Error calling CallableStatement.getMoreResults; SQL [test_pkg.in_only_test]; nested exception is org.hibernate.exception.SQLGrammarException: Error calling CallableStatement.getMoreResults]
2021-01-14 19:30:07.442  INFO 3720 --- [http-nio-8081-exec-1] com.example.demo.intercept.ApiLogger     : requestId bbe737e9-313f-4087-a2a1-322f413b9e08, Handle :com.example.demo.controls.PlsqlRestController#getCountryCurrency() , request take time: 8===Status:=500
